2022-09-03 15:30:19 [http-nio-8086-exec-3] DEBUG DebugLogging - Request = path: [org.javaproteam27.socialnetwork.service.LoginService], method: [login], arguments: [LoginRq(email=test@mail.ru, password=testtest)] 
2022-09-03 15:30:19 [http-nio-8086-exec-3] DEBUG DebugLogging - Response = path: [org.javaproteam27.socialnetwork.service.LoginService], method: [login], return: [LoginRs(error=, timestamp=Sat Sep 03 15:30:19 MSK 2022, data=LoginDataRs(id=1, firstName=Test, lastName=Test, regDate=2011-05-16T15:36:38, birthDate=null, email=test@mail.ru, phone=+7(111)1111111, photo=null, about=)), cityRs=null, countryRs=null, messagesPermission=null, lastOnlineTime=null, isBlocked=false, token=eyJhbGciOiJIUzI1NiJ9.eyJzdWIiOiJ0ZXN0QG1haWwucnUiLCJpYXQiOjE2NjIyMDgyMTksImV4cCI6MTY2MjIxMTgxOX0.8lFSxX4bkiAqsSNlWQ8mdOgZEOEtTPHwCnLu35Wq97o))] 
2022-09-03 15:30:19 [http-nio-8086-exec-5] DEBUG DebugLogging - Request = path: [org.javaproteam27.socialnetwork.service.LoginService], method: [profileResponse], arguments: [eyJhbGciOiJIUzI1NiJ9.eyJzdWIiOiJ0ZXN0QG1haWwucnUiLCJpYXQiOjE2NjIyMDgyMTksImV4cCI6MTY2MjIxMTgxOX0.8lFSxX4bkiAqsSNlWQ8mdOgZEOEtTPHwCnLu35Wq97o] 
2022-09-03 15:30:19 [http-nio-8086-exec-5] DEBUG DebugLogging - Response = path: [org.javaproteam27.socialnetwork.service.LoginService], method: [profileResponse], return: [<200 OK OK,ResponseRs(error=string, timestamp=1662208219830, offset=0, perPage=20, data=org.javaproteam27.socialnetwork.model.dto.response.PersonRs@3af2105c, errorDescription=null),[]>] 
2022-09-03 15:31:54 [http-nio-8086-exec-5] DEBUG DebugLogging - Request = path: [org.javaproteam27.socialnetwork.service.LoginService], method: [login], arguments: [LoginRq(email=test@mail.ru, password=testtest)] 
2022-09-03 15:31:54 [http-nio-8086-exec-5] DEBUG DebugLogging - Response = path: [org.javaproteam27.socialnetwork.service.LoginService], method: [login], return: [LoginRs(error=, timestamp=Sat Sep 03 15:31:54 MSK 2022, data=LoginDataRs(id=1, firstName=Test, lastName=Test, regDate=2011-05-16T15:36:38, birthDate=null, email=test@mail.ru, phone=+7(111)1111111, photo=null, about=)), cityRs=null, countryRs=null, messagesPermission=null, lastOnlineTime=null, isBlocked=false, token=eyJhbGciOiJIUzI1NiJ9.eyJzdWIiOiJ0ZXN0QG1haWwucnUiLCJpYXQiOjE2NjIyMDgzMTQsImV4cCI6MTY2MjIxMTkxNH0._ZA1LkU6Fx3dR25L0wyJws79NdZqQlGSmgMBiZFTtHw))] 
2022-09-03 15:31:54 [http-nio-8086-exec-7] DEBUG DebugLogging - Request = path: [org.javaproteam27.socialnetwork.service.LoginService], method: [profileResponse], arguments: [eyJhbGciOiJIUzI1NiJ9.eyJzdWIiOiJ0ZXN0QG1haWwucnUiLCJpYXQiOjE2NjIyMDgzMTQsImV4cCI6MTY2MjIxMTkxNH0._ZA1LkU6Fx3dR25L0wyJws79NdZqQlGSmgMBiZFTtHw] 
2022-09-03 15:31:54 [http-nio-8086-exec-7] DEBUG DebugLogging - Response = path: [org.javaproteam27.socialnetwork.service.LoginService], method: [profileResponse], return: [<200 OK OK,ResponseRs(error=string, timestamp=1662208314571, offset=0, perPage=20, data=org.javaproteam27.socialnetwork.model.dto.response.PersonRs@62a5a3be, errorDescription=null),[]>] 
2022-09-03 15:36:25 [http-nio-8086-exec-5] DEBUG DebugLogging - Request = path: [org.javaproteam27.socialnetwork.service.LoginService], method: [login], arguments: [LoginRq(email=test@mail.ru, password=testtest)] 
2022-09-03 15:36:25 [http-nio-8086-exec-5] DEBUG DebugLogging - Response = path: [org.javaproteam27.socialnetwork.service.LoginService], method: [login], return: [LoginRs(error=, timestamp=Sat Sep 03 15:36:25 MSK 2022, data=LoginDataRs(id=1, firstName=Test, lastName=Test, regDate=2011-05-16T15:36:38, birthDate=null, email=test@mail.ru, phone=+7(111)1111111, photo=null, about=)), cityRs=null, countryRs=null, messagesPermission=null, lastOnlineTime=null, isBlocked=false, token=eyJhbGciOiJIUzI1NiJ9.eyJzdWIiOiJ0ZXN0QG1haWwucnUiLCJpYXQiOjE2NjIyMDg1ODUsImV4cCI6MTY2MjIxMjE4NX0.j5EXgZP_TAa0-iJfX4B17N6rHuxl91pcdNNmhNVoxYs))] 
2022-09-03 15:36:25 [http-nio-8086-exec-7] DEBUG DebugLogging - Request = path: [org.javaproteam27.socialnetwork.service.LoginService], method: [profileResponse], arguments: [eyJhbGciOiJIUzI1NiJ9.eyJzdWIiOiJ0ZXN0QG1haWwucnUiLCJpYXQiOjE2NjIyMDg1ODUsImV4cCI6MTY2MjIxMjE4NX0.j5EXgZP_TAa0-iJfX4B17N6rHuxl91pcdNNmhNVoxYs] 
2022-09-03 15:36:25 [http-nio-8086-exec-7] DEBUG DebugLogging - Response = path: [org.javaproteam27.socialnetwork.service.LoginService], method: [profileResponse], return: [<200 OK OK,ResponseRs(error=string, timestamp=1662208585546, offset=0, perPage=20, data=org.javaproteam27.socialnetwork.model.dto.response.PersonRs@59c4cb55, errorDescription=null),[]>] 
2022-09-03 15:38:30 [http-nio-8086-exec-5] DEBUG DebugLogging - Request = path: [org.javaproteam27.socialnetwork.service.LoginService], method: [login], arguments: [LoginRq(email=test@mail.ru, password=testtest)] 
2022-09-03 15:38:30 [http-nio-8086-exec-5] DEBUG DebugLogging - Response = path: [org.javaproteam27.socialnetwork.service.LoginService], method: [login], return: [LoginRs(error=, timestamp=Sat Sep 03 15:38:30 MSK 2022, data=LoginDataRs(id=1, firstName=Test, lastName=Test, regDate=2011-05-16T15:36:38, birthDate=null, email=test@mail.ru, phone=+7(111)1111111, photo=null, about=)), cityRs=null, countryRs=null, messagesPermission=null, lastOnlineTime=null, isBlocked=false, token=eyJhbGciOiJIUzI1NiJ9.eyJzdWIiOiJ0ZXN0QG1haWwucnUiLCJpYXQiOjE2NjIyMDg3MTAsImV4cCI6MTY2MjIxMjMxMH0.aBWTz6jkPG58JUdYu9X4mDIJVEb5rKSlY9XXyROnWBk))] 
2022-09-03 15:38:30 [http-nio-8086-exec-7] DEBUG DebugLogging - Request = path: [org.javaproteam27.socialnetwork.service.LoginService], method: [profileResponse], arguments: [eyJhbGciOiJIUzI1NiJ9.eyJzdWIiOiJ0ZXN0QG1haWwucnUiLCJpYXQiOjE2NjIyMDg3MTAsImV4cCI6MTY2MjIxMjMxMH0.aBWTz6jkPG58JUdYu9X4mDIJVEb5rKSlY9XXyROnWBk] 
2022-09-03 15:38:30 [http-nio-8086-exec-7] DEBUG DebugLogging - Response = path: [org.javaproteam27.socialnetwork.service.LoginService], method: [profileResponse], return: [<200 OK OK,ResponseRs(error=string, timestamp=1662208710784, offset=0, perPage=20, data=org.javaproteam27.socialnetwork.model.dto.response.PersonRs@59c4cb55, errorDescription=null),[]>] 
2022-09-03 16:39:45 [http-nio-8086-exec-5] DEBUG DebugLogging - Request = path: [org.javaproteam27.socialnetwork.service.LoginService], method: [login], arguments: [LoginRq(email=test@mail.ru, password=TESTTEST)] 
2022-09-03 16:39:45 [http-nio-8086-exec-5] DEBUG DebugLogging - An error has occurred
org.javaproteam27.socialnetwork.handler.exception.InvalidRequestException: Incorrect password
	at org.javaproteam27.socialnetwork.aop.LoggerAspect.debugLogger(LoggerAspect.java:51)
	at java.base/jdk.internal.reflect.NativeMethodAccessorImpl.invoke0(Native Method)
	at java.base/jdk.internal.reflect.NativeMethodAccessorImpl.invoke(NativeMethodAccessorImpl.java:77)
	at java.base/jdk.internal.reflect.DelegatingMethodAccessorImpl.invoke(DelegatingMethodAccessorImpl.java:43)
	at java.base/java.lang.reflect.Method.invoke(Method.java:568)
	at org.springframework.aop.aspectj.AbstractAspectJAdvice.invokeAdviceMethodWithGivenArgs(AbstractAspectJAdvice.java:644)
	at org.springframework.aop.aspectj.AbstractAspectJAdvice.invokeAdviceMethod(AbstractAspectJAdvice.java:633)
	at org.springframework.aop.aspectj.AspectJAroundAdvice.invoke(AspectJAroundAdvice.java:70)
	at org.springframework.aop.framework.ReflectiveMethodInvocation.proceed(ReflectiveMethodInvocation.java:175)
	at org.springframework.aop.framework.CglibAopProxy$CglibMethodInvocation.proceed(CglibAopProxy.java:750)
	at org.springframework.aop.interceptor.ExposeInvocationInterceptor.invoke(ExposeInvocationInterceptor.java:95)
	at org.springframework.aop.framework.ReflectiveMethodInvocation.proceed(ReflectiveMethodInvocation.java:186)
	at org.springframework.aop.framework.CglibAopProxy$CglibMethodInvocation.proceed(CglibAopProxy.java:750)
	at org.springframework.aop.framework.CglibAopProxy$DynamicAdvisedInterceptor.intercept(CglibAopProxy.java:692)
	at org.javaproteam27.socialnetwork.service.LoginService$$EnhancerBySpringCGLIB$$7cab5b42.login(<generated>)
	at org.javaproteam27.socialnetwork.controller.LoginController.login(LoginController.java:26)
	at org.javaproteam27.socialnetwork.controller.LoginController$$FastClassBySpringCGLIB$$8574860b.invoke(<generated>)
	at org.springframework.cglib.proxy.MethodProxy.invoke(MethodProxy.java:218)
	at org.springframework.aop.framework.CglibAopProxy$CglibMethodInvocation.invokeJoinpoint(CglibAopProxy.java:779)
	at org.springframework.aop.framework.ReflectiveMethodInvocation.proceed(ReflectiveMethodInvocation.java:163)
	at org.springframework.aop.framework.CglibAopProxy$CglibMethodInvocation.proceed(CglibAopProxy.java:750)
	at org.springframework.aop.aspectj.MethodInvocationProceedingJoinPoint.proceed(MethodInvocationProceedingJoinPoint.java:88)
	at org.javaproteam27.socialnetwork.aop.LoggerAspect.infoLogger(LoggerAspect.java:33)
	at java.base/jdk.internal.reflect.NativeMethodAccessorImpl.invoke0(Native Method)
	at java.base/jdk.internal.reflect.NativeMethodAccessorImpl.invoke(NativeMethodAccessorImpl.java:77)
	at java.base/jdk.internal.reflect.DelegatingMethodAccessorImpl.invoke(DelegatingMethodAccessorImpl.java:43)
	at java.base/java.lang.reflect.Method.invoke(Method.java:568)
	at org.springframework.aop.aspectj.AbstractAspectJAdvice.invokeAdviceMethodWithGivenArgs(AbstractAspectJAdvice.java:644)
	at org.springframework.aop.aspectj.AbstractAspectJAdvice.invokeAdviceMethod(AbstractAspectJAdvice.java:633)
	at org.springframework.aop.aspectj.AspectJAroundAdvice.invoke(AspectJAroundAdvice.java:70)
	at org.springframework.aop.framework.ReflectiveMethodInvocation.proceed(ReflectiveMethodInvocation.java:175)
	at org.springframework.aop.framework.CglibAopProxy$CglibMethodInvocation.proceed(CglibAopProxy.java:750)
	at org.springframework.aop.interceptor.ExposeInvocationInterceptor.invoke(ExposeInvocationInterceptor.java:95)
	at org.springframework.aop.framework.ReflectiveMethodInvocation.proceed(ReflectiveMethodInvocation.java:186)
	at org.springframework.aop.framework.CglibAopProxy$CglibMethodInvocation.proceed(CglibAopProxy.java:750)
	at org.springframework.aop.framework.CglibAopProxy$DynamicAdvisedInterceptor.intercept(CglibAopProxy.java:692)
	at org.javaproteam27.socialnetwork.controller.LoginController$$EnhancerBySpringCGLIB$$f222ed0c.login(<generated>)
	at java.base/jdk.internal.reflect.NativeMethodAccessorImpl.invoke0(Native Method)
	at java.base/jdk.internal.reflect.NativeMethodAccessorImpl.invoke(NativeMethodAccessorImpl.java:77)
	at java.base/jdk.internal.reflect.DelegatingMethodAccessorImpl.invoke(DelegatingMethodAccessorImpl.java:43)
	at java.base/java.lang.reflect.Method.invoke(Method.java:568)
	at org.springframework.web.method.support.InvocableHandlerMethod.doInvoke(InvocableHandlerMethod.java:190)
	at org.springframework.web.method.support.InvocableHandlerMethod.invokeForRequest(InvocableHandlerMethod.java:138)
	at org.springframework.web.servlet.mvc.method.annotation.ServletInvocableHandlerMethod.invokeAndHandle(ServletInvocableHandlerMethod.java:105)
	at org.springframework.web.servlet.mvc.method.annotation.RequestMappingHandlerAdapter.invokeHandlerMethod(RequestMappingHandlerAdapter.java:878)
	at org.springframework.web.servlet.mvc.method.annotation.RequestMappingHandlerAdapter.handleInternal(RequestMappingHandlerAdapter.java:792)
	at org.springframework.web.servlet.mvc.method.AbstractHandlerMethodAdapter.handle(AbstractHandlerMethodAdapter.java:87)
	at org.springframework.web.servlet.DispatcherServlet.doDispatch(DispatcherServlet.java:1040)
	at org.springframework.web.servlet.DispatcherServlet.doService(DispatcherServlet.java:943)
	at org.springframework.web.servlet.FrameworkServlet.processRequest(FrameworkServlet.java:1006)
	at org.springframework.web.servlet.FrameworkServlet.doPost(FrameworkServlet.java:909)
	at javax.servlet.http.HttpServlet.service(HttpServlet.java:652)
	at org.springframework.web.servlet.FrameworkServlet.service(FrameworkServlet.java:883)
	at javax.servlet.http.HttpServlet.service(HttpServlet.java:733)
	at org.apache.catalina.core.ApplicationFilterChain.internalDoFilter(ApplicationFilterChain.java:227)
	at org.apache.catalina.core.ApplicationFilterChain.doFilter(ApplicationFilterChain.java:162)
	at org.apache.tomcat.websocket.server.WsFilter.doFilter(WsFilter.java:53)
	at org.apache.catalina.core.ApplicationFilterChain.internalDoFilter(ApplicationFilterChain.java:189)
	at org.apache.catalina.core.ApplicationFilterChain.doFilter(ApplicationFilterChain.java:162)
	at org.javaproteam27.socialnetwork.security.jwt.JwtTokenFilter.doFilter(JwtTokenFilter.java:34)
	at org.apache.catalina.core.ApplicationFilterChain.internalDoFilter(ApplicationFilterChain.java:189)
	at org.apache.catalina.core.ApplicationFilterChain.doFilter(ApplicationFilterChain.java:162)
	at org.springframework.security.web.FilterChainProxy$VirtualFilterChain.doFilter(FilterChainProxy.java:320)
	at org.springframework.security.web.access.intercept.FilterSecurityInterceptor.invoke(FilterSecurityInterceptor.java:126)
	at org.springframework.security.web.access.intercept.FilterSecurityInterceptor.doFilter(FilterSecurityInterceptor.java:90)
	at org.springframework.security.web.FilterChainProxy$VirtualFilterChain.doFilter(FilterChainProxy.java:334)
	at org.springframework.security.web.access.ExceptionTranslationFilter.doFilter(ExceptionTranslationFilter.java:118)
	at org.springframework.security.web.FilterChainProxy$VirtualFilterChain.doFilter(FilterChainProxy.java:334)
	at org.springframework.security.web.session.SessionManagementFilter.doFilter(SessionManagementFilter.java:137)
	at org.springframework.security.web.FilterChainProxy$VirtualFilterChain.doFilter(FilterChainProxy.java:334)
	at org.springframework.security.web.authentication.AnonymousAuthenticationFilter.doFilter(AnonymousAuthenticationFilter.java:111)
	at org.springframework.security.web.FilterChainProxy$VirtualFilterChain.doFilter(FilterChainProxy.java:334)
	at org.springframework.security.web.servletapi.SecurityContextHolderAwareRequestFilter.doFilter(SecurityContextHolderAwareRequestFilter.java:158)
	at org.springframework.security.web.FilterChainProxy$VirtualFilterChain.doFilter(FilterChainProxy.java:334)
	at org.springframework.security.web.savedrequest.RequestCacheAwareFilter.doFilter(RequestCacheAwareFilter.java:63)
	at org.springframework.security.web.FilterChainProxy$VirtualFilterChain.doFilter(FilterChainProxy.java:334)
	at org.javaproteam27.socialnetwork.security.jwt.JwtTokenFilter.doFilter(JwtTokenFilter.java:34)
	at org.springframework.security.web.FilterChainProxy$VirtualFilterChain.doFilter(FilterChainProxy.java:334)
	at org.springframework.security.web.authentication.logout.LogoutFilter.doFilter(LogoutFilter.java:116)
	at org.springframework.security.web.FilterChainProxy$VirtualFilterChain.doFilter(FilterChainProxy.java:334)
	at org.springframework.web.filter.CorsFilter.doFilterInternal(CorsFilter.java:92)
	at org.springframework.web.filter.OncePerRequestFilter.doFilter(OncePerRequestFilter.java:119)
	at org.springframework.security.web.FilterChainProxy$VirtualFilterChain.doFilter(FilterChainProxy.java:334)
	at org.springframework.security.web.header.HeaderWriterFilter.doHeadersAfter(HeaderWriterFilter.java:92)
	at org.springframework.security.web.header.HeaderWriterFilter.doFilterInternal(HeaderWriterFilter.java:77)
	at org.springframework.web.filter.OncePerRequestFilter.doFilter(OncePerRequestFilter.java:119)
	at org.springframework.security.web.FilterChainProxy$VirtualFilterChain.doFilter(FilterChainProxy.java:334)
	at org.springframework.security.web.context.SecurityContextPersistenceFilter.doFilter(SecurityContextPersistenceFilter.java:105)
	at org.springframework.security.web.FilterChainProxy$VirtualFilterChain.doFilter(FilterChainProxy.java:334)
	at org.springframework.security.web.context.request.async.WebAsyncManagerIntegrationFilter.doFilterInternal(WebAsyncManagerIntegrationFilter.java:56)
	at org.springframework.web.filter.OncePerRequestFilter.doFilter(OncePerRequestFilter.java:119)
	at org.springframework.security.web.FilterChainProxy$VirtualFilterChain.doFilter(FilterChainProxy.java:334)
	at org.springframework.security.web.FilterChainProxy.doFilterInternal(FilterChainProxy.java:215)
	at org.springframework.security.web.FilterChainProxy.doFilter(FilterChainProxy.java:178)
	at org.springframework.web.filter.DelegatingFilterProxy.invokeDelegate(DelegatingFilterProxy.java:358)
	at org.springframework.web.filter.DelegatingFilterProxy.doFilter(DelegatingFilterProxy.java:271)
	at org.apache.catalina.core.ApplicationFilterChain.internalDoFilter(ApplicationFilterChain.java:189)
	at org.apache.catalina.core.ApplicationFilterChain.doFilter(ApplicationFilterChain.java:162)
	at org.springframework.web.filter.RequestContextFilter.doFilterInternal(RequestContextFilter.java:100)
	at org.springframework.web.filter.OncePerRequestFilter.doFilter(OncePerRequestFilter.java:119)
	at org.apache.catalina.core.ApplicationFilterChain.internalDoFilter(ApplicationFilterChain.java:189)
	at org.apache.catalina.core.ApplicationFilterChain.doFilter(ApplicationFilterChain.java:162)
	at org.springframework.web.filter.FormContentFilter.doFilterInternal(FormContentFilter.java:93)
	at org.springframework.web.filter.OncePerRequestFilter.doFilter(OncePerRequestFilter.java:119)
	at org.apache.catalina.core.ApplicationFilterChain.internalDoFilter(ApplicationFilterChain.java:189)
	at org.apache.catalina.core.ApplicationFilterChain.doFilter(ApplicationFilterChain.java:162)
	at org.springframework.web.filter.CharacterEncodingFilter.doFilterInternal(CharacterEncodingFilter.java:201)
	at org.springframework.web.filter.OncePerRequestFilter.doFilter(OncePerRequestFilter.java:119)
	at org.apache.catalina.core.ApplicationFilterChain.internalDoFilter(ApplicationFilterChain.java:189)
	at org.apache.catalina.core.ApplicationFilterChain.doFilter(ApplicationFilterChain.java:162)
	at org.apache.catalina.core.StandardWrapperValve.invoke(StandardWrapperValve.java:202)
	at org.apache.catalina.core.StandardContextValve.invoke(StandardContextValve.java:97)
	at org.apache.catalina.authenticator.AuthenticatorBase.invoke(AuthenticatorBase.java:542)
	at org.apache.catalina.core.StandardHostValve.invoke(StandardHostValve.java:143)
	at org.apache.catalina.valves.ErrorReportValve.invoke(ErrorReportValve.java:92)
	at org.apache.catalina.core.StandardEngineValve.invoke(StandardEngineValve.java:78)
	at org.apache.catalina.connector.CoyoteAdapter.service(CoyoteAdapter.java:357)
	at org.apache.coyote.http11.Http11Processor.service(Http11Processor.java:374)
	at org.apache.coyote.AbstractProcessorLight.process(AbstractProcessorLight.java:65)
	at org.apache.coyote.AbstractProtocol$ConnectionHandler.process(AbstractProtocol.java:893)
	at org.apache.tomcat.util.net.NioEndpoint$SocketProcessor.doRun(NioEndpoint.java:1707)
	at org.apache.tomcat.util.net.SocketProcessorBase.run(SocketProcessorBase.java:49)
	at java.base/java.util.concurrent.ThreadPoolExecutor.runWorker(ThreadPoolExecutor.java:1136)
	at java.base/java.util.concurrent.ThreadPoolExecutor$Worker.run(ThreadPoolExecutor.java:635)
	at org.apache.tomcat.util.threads.TaskThread$WrappingRunnable.run(TaskThread.java:61)
	at java.base/java.lang.Thread.run(Thread.java:833)
2022-09-03 16:39:49 [http-nio-8086-exec-7] DEBUG DebugLogging - Request = path: [org.javaproteam27.socialnetwork.service.LoginService], method: [login], arguments: [LoginRq(email=test@mail.ru, password=testtest)] 
2022-09-03 16:39:49 [http-nio-8086-exec-7] DEBUG DebugLogging - Response = path: [org.javaproteam27.socialnetwork.service.LoginService], method: [login], return: [LoginRs(error=, timestamp=Sat Sep 03 16:39:49 MSK 2022, data=LoginDataRs(id=1, firstName=Test, lastName=Test, regDate=2011-05-16T15:36:38, birthDate=null, email=test@mail.ru, phone=+7(111)1111111, photo=null, about=)), cityRs=null, countryRs=null, messagesPermission=null, lastOnlineTime=null, isBlocked=false, token=eyJhbGciOiJIUzI1NiJ9.eyJzdWIiOiJ0ZXN0QG1haWwucnUiLCJpYXQiOjE2NjIyMTIzODksImV4cCI6MTY2MjIxNTk4OX0.y4sDdb3Imv4FqjgM-kjzqRTrM3267P_ok_GiLYrxRQQ))] 
2022-09-03 16:39:49 [http-nio-8086-exec-9] DEBUG DebugLogging - Request = path: [org.javaproteam27.socialnetwork.service.LoginService], method: [profileResponse], arguments: [eyJhbGciOiJIUzI1NiJ9.eyJzdWIiOiJ0ZXN0QG1haWwucnUiLCJpYXQiOjE2NjIyMTIzODksImV4cCI6MTY2MjIxNTk4OX0.y4sDdb3Imv4FqjgM-kjzqRTrM3267P_ok_GiLYrxRQQ] 
2022-09-03 16:39:49 [http-nio-8086-exec-9] DEBUG DebugLogging - Response = path: [org.javaproteam27.socialnetwork.service.LoginService], method: [profileResponse], return: [<200 OK OK,ResponseRs(error=string, timestamp=1662212389714, offset=0, perPage=20, data=org.javaproteam27.socialnetwork.model.dto.response.PersonRs@7578ac87, errorDescription=null),[]>] 
2022-09-03 16:42:28 [http-nio-8086-exec-3] DEBUG DebugLogging - Request = path: [org.javaproteam27.socialnetwork.service.LoginService], method: [login], arguments: [LoginRq(email=test@mail.ru, password=testtest)] 
2022-09-03 16:42:28 [http-nio-8086-exec-3] DEBUG DebugLogging - Response = path: [org.javaproteam27.socialnetwork.service.LoginService], method: [login], return: [LoginRs(error=, timestamp=Sat Sep 03 16:42:28 MSK 2022, data=LoginDataRs(id=1, firstName=Test, lastName=Test, regDate=2011-05-16T15:36:38, birthDate=null, email=test@mail.ru, phone=+7(111)1111111, photo=null, about=)), cityRs=null, countryRs=null, messagesPermission=null, lastOnlineTime=null, isBlocked=false, token=eyJhbGciOiJIUzI1NiJ9.eyJzdWIiOiJ0ZXN0QG1haWwucnUiLCJpYXQiOjE2NjIyMTI1NDgsImV4cCI6MTY2MjIxNjE0OH0.HO5JLwg2_9h78oThETsRvpqgWAkpptudU_mKPEydTP8))] 
2022-09-03 16:42:28 [http-nio-8086-exec-5] DEBUG DebugLogging - Request = path: [org.javaproteam27.socialnetwork.service.LoginService], method: [profileResponse], arguments: [eyJhbGciOiJIUzI1NiJ9.eyJzdWIiOiJ0ZXN0QG1haWwucnUiLCJpYXQiOjE2NjIyMTI1NDgsImV4cCI6MTY2MjIxNjE0OH0.HO5JLwg2_9h78oThETsRvpqgWAkpptudU_mKPEydTP8] 
2022-09-03 16:42:28 [http-nio-8086-exec-5] DEBUG DebugLogging - Response = path: [org.javaproteam27.socialnetwork.service.LoginService], method: [profileResponse], return: [<200 OK OK,ResponseRs(error=string, timestamp=1662212548696, offset=0, perPage=20, data=org.javaproteam27.socialnetwork.model.dto.response.PersonRs@4b3e88d6, errorDescription=null),[]>] 
2022-09-03 16:50:37 [http-nio-8086-exec-3] DEBUG DebugLogging - Request = path: [org.javaproteam27.socialnetwork.service.LoginService], method: [login], arguments: [LoginRq(email=test@mail.ru, password=testtest)] 
2022-09-03 16:50:37 [http-nio-8086-exec-3] DEBUG DebugLogging - Response = path: [org.javaproteam27.socialnetwork.service.LoginService], method: [login], return: [LoginRs(error=, timestamp=Sat Sep 03 16:50:37 MSK 2022, data=LoginDataRs(id=1, firstName=Test, lastName=Test, regDate=2011-05-16T15:36:38, birthDate=null, email=test@mail.ru, phone=+7(111)1111111, photo=null, about=)), cityRs=null, countryRs=null, messagesPermission=null, lastOnlineTime=null, isBlocked=false, token=eyJhbGciOiJIUzI1NiJ9.eyJzdWIiOiJ0ZXN0QG1haWwucnUiLCJpYXQiOjE2NjIyMTMwMzcsImV4cCI6MTY2MjIxNjYzN30.-SUHN8-Br4BQGmPRVnhDCidNz0ObVNXDxYzX0yIsm40))] 
2022-09-03 16:50:37 [http-nio-8086-exec-5] DEBUG DebugLogging - Request = path: [org.javaproteam27.socialnetwork.service.LoginService], method: [profileResponse], arguments: [eyJhbGciOiJIUzI1NiJ9.eyJzdWIiOiJ0ZXN0QG1haWwucnUiLCJpYXQiOjE2NjIyMTMwMzcsImV4cCI6MTY2MjIxNjYzN30.-SUHN8-Br4BQGmPRVnhDCidNz0ObVNXDxYzX0yIsm40] 
2022-09-03 16:50:37 [http-nio-8086-exec-5] DEBUG DebugLogging - Response = path: [org.javaproteam27.socialnetwork.service.LoginService], method: [profileResponse], return: [<200 OK OK,ResponseRs(error=string, timestamp=1662213037365, offset=0, perPage=20, data=org.javaproteam27.socialnetwork.model.dto.response.PersonRs@2bcfbf5b, errorDescription=null),[]>] 
2022-09-03 16:51:52 [http-nio-8086-exec-3] DEBUG DebugLogging - Request = path: [org.javaproteam27.socialnetwork.service.LoginService], method: [login], arguments: [LoginRq(email=test@mail.ru, password=testtest)] 
2022-09-03 16:51:53 [http-nio-8086-exec-3] DEBUG DebugLogging - Response = path: [org.javaproteam27.socialnetwork.service.LoginService], method: [login], return: [LoginRs(error=, timestamp=Sat Sep 03 16:51:53 MSK 2022, data=LoginDataRs(id=1, firstName=Test, lastName=Test, regDate=2011-05-16T15:36:38, birthDate=null, email=test@mail.ru, phone=+7(111)1111111, photo=null, about=)), cityRs=null, countryRs=null, messagesPermission=null, lastOnlineTime=null, isBlocked=false, token=eyJhbGciOiJIUzI1NiJ9.eyJzdWIiOiJ0ZXN0QG1haWwucnUiLCJpYXQiOjE2NjIyMTMxMTIsImV4cCI6MTY2MjIxNjcxMn0.DGVhISYgGPJ3b6odoaNh3lgc6aKmZPuglMcwjviJgKI))] 
2022-09-03 16:51:53 [http-nio-8086-exec-5] DEBUG DebugLogging - Request = path: [org.javaproteam27.socialnetwork.service.LoginService], method: [profileResponse], arguments: [eyJhbGciOiJIUzI1NiJ9.eyJzdWIiOiJ0ZXN0QG1haWwucnUiLCJpYXQiOjE2NjIyMTMxMTIsImV4cCI6MTY2MjIxNjcxMn0.DGVhISYgGPJ3b6odoaNh3lgc6aKmZPuglMcwjviJgKI] 
2022-09-03 16:51:53 [http-nio-8086-exec-5] DEBUG DebugLogging - Response = path: [org.javaproteam27.socialnetwork.service.LoginService], method: [profileResponse], return: [<200 OK OK,ResponseRs(error=string, timestamp=1662213113059, offset=0, perPage=20, data=org.javaproteam27.socialnetwork.model.dto.response.PersonRs@7f0044fd, errorDescription=null),[]>] 
2022-09-03 16:52:45 [http-nio-8086-exec-8] DEBUG DebugLogging - Request = path: [org.javaproteam27.socialnetwork.service.LoginService], method: [logout], arguments: [] 
2022-09-03 16:52:45 [http-nio-8086-exec-8] DEBUG DebugLogging - Response = path: [org.javaproteam27.socialnetwork.service.LoginService], method: [logout], return: [LogoutRs(error=, timestamp=Sat Sep 03 16:52:45 MSK 2022, data=LogoutDataRs(message=ok))] 
2022-09-03 17:08:46 [http-nio-8086-exec-3] DEBUG DebugLogging - Request = path: [org.javaproteam27.socialnetwork.service.LoginService], method: [login], arguments: [LoginRq(email=test@mail.ru, password=testtest)] 
2022-09-03 17:08:47 [http-nio-8086-exec-3] DEBUG DebugLogging - Response = path: [org.javaproteam27.socialnetwork.service.LoginService], method: [login], return: [LoginRs(error=, timestamp=Sat Sep 03 17:08:47 MSK 2022, data=LoginDataRs(id=1, firstName=Test, lastName=Test, regDate=2011-05-16T15:36:38, birthDate=null, email=test@mail.ru, phone=+7(111)1111111, photo=null, about=)), cityRs=null, countryRs=null, messagesPermission=null, lastOnlineTime=null, isBlocked=false, token=eyJhbGciOiJIUzI1NiJ9.eyJzdWIiOiJ0ZXN0QG1haWwucnUiLCJpYXQiOjE2NjIyMTQxMjYsImV4cCI6MTY2MjIxNzcyNn0.UrpZX2GaxnQw-HUnVvVZUwYAmXtp8RzHavpu7ZLPGeg))] 
2022-09-03 17:08:47 [http-nio-8086-exec-5] DEBUG DebugLogging - Request = path: [org.javaproteam27.socialnetwork.service.LoginService], method: [profileResponse], arguments: [eyJhbGciOiJIUzI1NiJ9.eyJzdWIiOiJ0ZXN0QG1haWwucnUiLCJpYXQiOjE2NjIyMTQxMjYsImV4cCI6MTY2MjIxNzcyNn0.UrpZX2GaxnQw-HUnVvVZUwYAmXtp8RzHavpu7ZLPGeg] 
2022-09-03 17:08:47 [http-nio-8086-exec-5] DEBUG DebugLogging - Response = path: [org.javaproteam27.socialnetwork.service.LoginService], method: [profileResponse], return: [<200 OK OK,ResponseRs(error=string, timestamp=1662214127078, offset=0, perPage=20, data=org.javaproteam27.socialnetwork.model.dto.response.PersonRs@2f463289, errorDescription=null),[]>] 
2022-09-03 17:20:54 [http-nio-8086-exec-3] DEBUG DebugLogging - Request = path: [org.javaproteam27.socialnetwork.service.LoginService], method: [login], arguments: [LoginRq(email=test@mail.ru, password=testtest)] 
2022-09-03 17:20:54 [http-nio-8086-exec-3] DEBUG DebugLogging - Response = path: [org.javaproteam27.socialnetwork.service.LoginService], method: [login], return: [LoginRs(error=, timestamp=Sat Sep 03 17:20:54 MSK 2022, data=LoginDataRs(id=1, firstName=Test, lastName=Test, regDate=2011-05-16T15:36:38, birthDate=null, email=test@mail.ru, phone=+7(111)1111111, photo=null, about=)), cityRs=null, countryRs=null, messagesPermission=null, lastOnlineTime=null, isBlocked=false, token=eyJhbGciOiJIUzI1NiJ9.eyJzdWIiOiJ0ZXN0QG1haWwucnUiLCJpYXQiOjE2NjIyMTQ4NTQsImV4cCI6MTY2MjIxODQ1NH0.7__7x63yySx-OajbjKy4pwrSkPbtCzMXJgTa0LUSxkE))] 
2022-09-03 17:20:54 [http-nio-8086-exec-5] DEBUG DebugLogging - Request = path: [org.javaproteam27.socialnetwork.service.LoginService], method: [profileResponse], arguments: [eyJhbGciOiJIUzI1NiJ9.eyJzdWIiOiJ0ZXN0QG1haWwucnUiLCJpYXQiOjE2NjIyMTQ4NTQsImV4cCI6MTY2MjIxODQ1NH0.7__7x63yySx-OajbjKy4pwrSkPbtCzMXJgTa0LUSxkE] 
2022-09-03 17:20:54 [http-nio-8086-exec-5] DEBUG DebugLogging - Response = path: [org.javaproteam27.socialnetwork.service.LoginService], method: [profileResponse], return: [<200 OK OK,ResponseRs(error=string, timestamp=1662214854245, offset=0, perPage=20, data=org.javaproteam27.socialnetwork.model.dto.response.PersonRs@7bf832cb, errorDescription=null),[]>] 
2022-09-03 17:32:28 [http-nio-8086-exec-5] DEBUG DebugLogging - Request = path: [org.javaproteam27.socialnetwork.service.LoginService], method: [login], arguments: [LoginRq(email=test@mail.ru, password=testtest)] 
2022-09-03 17:32:28 [http-nio-8086-exec-5] DEBUG DebugLogging - Response = path: [org.javaproteam27.socialnetwork.service.LoginService], method: [login], return: [LoginRs(error=, timestamp=Sat Sep 03 17:32:28 MSK 2022, data=LoginDataRs(id=1, firstName=Test, lastName=Test, regDate=2011-05-16T15:36:38, birthDate=null, email=test@mail.ru, phone=+7(111)1111111, photo=null, about=)), cityRs=null, countryRs=null, messagesPermission=null, lastOnlineTime=null, isBlocked=false, token=eyJhbGciOiJIUzI1NiJ9.eyJzdWIiOiJ0ZXN0QG1haWwucnUiLCJpYXQiOjE2NjIyMTU1NDgsImV4cCI6MTY2MjIxOTE0OH0.Q83pTTtQRN3T30mV2Qwtl6jnRK3BMxwEajwEmrkMNzI))] 
2022-09-03 17:32:28 [http-nio-8086-exec-7] DEBUG DebugLogging - Request = path: [org.javaproteam27.socialnetwork.service.LoginService], method: [profileResponse], arguments: [eyJhbGciOiJIUzI1NiJ9.eyJzdWIiOiJ0ZXN0QG1haWwucnUiLCJpYXQiOjE2NjIyMTU1NDgsImV4cCI6MTY2MjIxOTE0OH0.Q83pTTtQRN3T30mV2Qwtl6jnRK3BMxwEajwEmrkMNzI] 
2022-09-03 17:32:28 [http-nio-8086-exec-7] DEBUG DebugLogging - Response = path: [org.javaproteam27.socialnetwork.service.LoginService], method: [profileResponse], return: [<200 OK OK,ResponseRs(error=string, timestamp=1662215548242, offset=0, perPage=20, data=org.javaproteam27.socialnetwork.model.dto.response.PersonRs@6635197c, errorDescription=null),[]>] 
2022-09-03 17:34:33 [http-nio-8086-exec-5] DEBUG DebugLogging - Request = path: [org.javaproteam27.socialnetwork.service.LoginService], method: [login], arguments: [LoginRq(email=test@mail.ru, password=testtest)] 
2022-09-03 17:34:33 [http-nio-8086-exec-5] DEBUG DebugLogging - Response = path: [org.javaproteam27.socialnetwork.service.LoginService], method: [login], return: [LoginRs(error=, timestamp=Sat Sep 03 17:34:33 MSK 2022, data=LoginDataRs(id=1, firstName=Test, lastName=Test, regDate=2011-05-16T15:36:38, birthDate=null, email=test@mail.ru, phone=+7(111)1111111, photo=null, about=)), cityRs=null, countryRs=null, messagesPermission=null, lastOnlineTime=null, isBlocked=false, token=eyJhbGciOiJIUzI1NiJ9.eyJzdWIiOiJ0ZXN0QG1haWwucnUiLCJpYXQiOjE2NjIyMTU2NzMsImV4cCI6MTY2MjIxOTI3M30.MgLW4TpHqdHpZtZR8FjRJhRH5kpHGO3dQS5KyKVK3cg))] 
2022-09-03 17:34:33 [http-nio-8086-exec-7] DEBUG DebugLogging - Request = path: [org.javaproteam27.socialnetwork.service.LoginService], method: [profileResponse], arguments: [eyJhbGciOiJIUzI1NiJ9.eyJzdWIiOiJ0ZXN0QG1haWwucnUiLCJpYXQiOjE2NjIyMTU2NzMsImV4cCI6MTY2MjIxOTI3M30.MgLW4TpHqdHpZtZR8FjRJhRH5kpHGO3dQS5KyKVK3cg] 
2022-09-03 17:34:33 [http-nio-8086-exec-7] DEBUG DebugLogging - Response = path: [org.javaproteam27.socialnetwork.service.LoginService], method: [profileResponse], return: [<200 OK OK,ResponseRs(error=string, timestamp=1662215673165, offset=0, perPage=20, data=org.javaproteam27.socialnetwork.model.dto.response.PersonRs@62a5a3be, errorDescription=null),[]>] 
2022-09-03 17:43:03 [http-nio-8086-exec-5] DEBUG DebugLogging - Request = path: [org.javaproteam27.socialnetwork.service.LoginService], method: [login], arguments: [LoginRq(email=test@mail.ru, password=testtest)] 
2022-09-03 17:43:03 [http-nio-8086-exec-5] DEBUG DebugLogging - Response = path: [org.javaproteam27.socialnetwork.service.LoginService], method: [login], return: [LoginRs(error=, timestamp=Sat Sep 03 17:43:03 MSK 2022, data=LoginDataRs(id=1, firstName=Test, lastName=Test, regDate=2011-05-16T15:36:38, birthDate=null, email=test@mail.ru, phone=+7(111)1111111, photo=null, about=)), cityRs=null, countryRs=null, messagesPermission=null, lastOnlineTime=null, isBlocked=false, token=eyJhbGciOiJIUzI1NiJ9.eyJzdWIiOiJ0ZXN0QG1haWwucnUiLCJpYXQiOjE2NjIyMTYxODMsImV4cCI6MTY2MjIxOTc4M30.6S5bmgumAptHJ8s8ntoNtJ-s-bTFChfawH9KIOgLLN0))] 
2022-09-03 17:43:03 [http-nio-8086-exec-7] DEBUG DebugLogging - Request = path: [org.javaproteam27.socialnetwork.service.LoginService], method: [profileResponse], arguments: [eyJhbGciOiJIUzI1NiJ9.eyJzdWIiOiJ0ZXN0QG1haWwucnUiLCJpYXQiOjE2NjIyMTYxODMsImV4cCI6MTY2MjIxOTc4M30.6S5bmgumAptHJ8s8ntoNtJ-s-bTFChfawH9KIOgLLN0] 
2022-09-03 17:43:03 [http-nio-8086-exec-7] DEBUG DebugLogging - Response = path: [org.javaproteam27.socialnetwork.service.LoginService], method: [profileResponse], return: [<200 OK OK,ResponseRs(error=string, timestamp=1662216183278, offset=0, perPage=20, data=org.javaproteam27.socialnetwork.model.dto.response.PersonRs@b4476fa, errorDescription=null),[]>] 
2022-09-03 17:45:45 [http-nio-8086-exec-3] DEBUG DebugLogging - Request = path: [org.javaproteam27.socialnetwork.service.LoginService], method: [login], arguments: [LoginRq(email=test@mail.ru, password=testtest)] 
2022-09-03 17:45:45 [http-nio-8086-exec-3] DEBUG DebugLogging - Response = path: [org.javaproteam27.socialnetwork.service.LoginService], method: [login], return: [LoginRs(error=, timestamp=Sat Sep 03 17:45:45 MSK 2022, data=LoginDataRs(id=1, firstName=Test, lastName=Test, regDate=2011-05-16T15:36:38, birthDate=null, email=test@mail.ru, phone=+7(111)1111111, photo=null, about=)), cityRs=null, countryRs=null, messagesPermission=null, lastOnlineTime=null, isBlocked=false, token=eyJhbGciOiJIUzI1NiJ9.eyJzdWIiOiJ0ZXN0QG1haWwucnUiLCJpYXQiOjE2NjIyMTYzNDUsImV4cCI6MTY2MjIxOTk0NX0.ETYdefBhrMGoGjeDzE2DYwPgP1VIee8gwBf_dEHwNCI))] 
2022-09-03 17:45:45 [http-nio-8086-exec-5] DEBUG DebugLogging - Request = path: [org.javaproteam27.socialnetwork.service.LoginService], method: [profileResponse], arguments: [eyJhbGciOiJIUzI1NiJ9.eyJzdWIiOiJ0ZXN0QG1haWwucnUiLCJpYXQiOjE2NjIyMTYzNDUsImV4cCI6MTY2MjIxOTk0NX0.ETYdefBhrMGoGjeDzE2DYwPgP1VIee8gwBf_dEHwNCI] 
2022-09-03 17:45:45 [http-nio-8086-exec-5] DEBUG DebugLogging - Response = path: [org.javaproteam27.socialnetwork.service.LoginService], method: [profileResponse], return: [<200 OK OK,ResponseRs(error=string, timestamp=1662216345703, offset=0, perPage=20, data=org.javaproteam27.socialnetwork.model.dto.response.PersonRs@492a4ca4, errorDescription=null),[]>] 
2022-09-03 17:48:33 [http-nio-8086-exec-3] DEBUG DebugLogging - Request = path: [org.javaproteam27.socialnetwork.service.LoginService], method: [login], arguments: [LoginRq(email=test@mail.ru, password=testtest)] 
2022-09-03 17:48:33 [http-nio-8086-exec-3] DEBUG DebugLogging - Response = path: [org.javaproteam27.socialnetwork.service.LoginService], method: [login], return: [LoginRs(error=, timestamp=Sat Sep 03 17:48:33 MSK 2022, data=LoginDataRs(id=1, firstName=Test, lastName=Test, regDate=2011-05-16T15:36:38, birthDate=null, email=test@mail.ru, phone=+7(111)1111111, photo=null, about=)), cityRs=null, countryRs=null, messagesPermission=null, lastOnlineTime=null, isBlocked=false, token=eyJhbGciOiJIUzI1NiJ9.eyJzdWIiOiJ0ZXN0QG1haWwucnUiLCJpYXQiOjE2NjIyMTY1MTMsImV4cCI6MTY2MjIyMDExM30.J4V1uGjDZQP57FB8uphNYAi_ea_U8Rtakc85i_jzUc0))] 
2022-09-03 17:48:33 [http-nio-8086-exec-5] DEBUG DebugLogging - Request = path: [org.javaproteam27.socialnetwork.service.LoginService], method: [profileResponse], arguments: [eyJhbGciOiJIUzI1NiJ9.eyJzdWIiOiJ0ZXN0QG1haWwucnUiLCJpYXQiOjE2NjIyMTY1MTMsImV4cCI6MTY2MjIyMDExM30.J4V1uGjDZQP57FB8uphNYAi_ea_U8Rtakc85i_jzUc0] 
2022-09-03 17:48:33 [http-nio-8086-exec-5] DEBUG DebugLogging - Response = path: [org.javaproteam27.socialnetwork.service.LoginService], method: [profileResponse], return: [<200 OK OK,ResponseRs(error=string, timestamp=1662216513559, offset=0, perPage=20, data=org.javaproteam27.socialnetwork.model.dto.response.PersonRs@153f8a32, errorDescription=null),[]>] 
2022-09-03 17:50:36 [http-nio-8086-exec-3] DEBUG DebugLogging - Request = path: [org.javaproteam27.socialnetwork.service.LoginService], method: [login], arguments: [LoginRq(email=test@mail.ru, password=testtest)] 
2022-09-03 17:50:36 [http-nio-8086-exec-3] DEBUG DebugLogging - Response = path: [org.javaproteam27.socialnetwork.service.LoginService], method: [login], return: [LoginRs(error=, timestamp=Sat Sep 03 17:50:36 MSK 2022, data=LoginDataRs(id=1, firstName=Test, lastName=Test, regDate=2011-05-16T15:36:38, birthDate=null, email=test@mail.ru, phone=+7(111)1111111, photo=null, about=)), cityRs=null, countryRs=null, messagesPermission=null, lastOnlineTime=null, isBlocked=false, token=eyJhbGciOiJIUzI1NiJ9.eyJzdWIiOiJ0ZXN0QG1haWwucnUiLCJpYXQiOjE2NjIyMTY2MzYsImV4cCI6MTY2MjIyMDIzNn0.aNHsruSsT-6SKWa-ahwYt8MubSJnE70jFXSYpG012xc))] 
2022-09-03 17:50:36 [http-nio-8086-exec-5] DEBUG DebugLogging - Request = path: [org.javaproteam27.socialnetwork.service.LoginService], method: [profileResponse], arguments: [eyJhbGciOiJIUzI1NiJ9.eyJzdWIiOiJ0ZXN0QG1haWwucnUiLCJpYXQiOjE2NjIyMTY2MzYsImV4cCI6MTY2MjIyMDIzNn0.aNHsruSsT-6SKWa-ahwYt8MubSJnE70jFXSYpG012xc] 
2022-09-03 17:50:36 [http-nio-8086-exec-5] DEBUG DebugLogging - Response = path: [org.javaproteam27.socialnetwork.service.LoginService], method: [profileResponse], return: [<200 OK OK,ResponseRs(error=string, timestamp=1662216636478, offset=0, perPage=20, data=org.javaproteam27.socialnetwork.model.dto.response.PersonRs@3f84d190, errorDescription=null),[]>] 
2022-09-03 17:52:18 [http-nio-8086-exec-3] DEBUG DebugLogging - Request = path: [org.javaproteam27.socialnetwork.service.LoginService], method: [login], arguments: [LoginRq(email=test@mail.ru, password=testtest)] 
2022-09-03 17:52:18 [http-nio-8086-exec-3] DEBUG DebugLogging - Response = path: [org.javaproteam27.socialnetwork.service.LoginService], method: [login], return: [LoginRs(error=, timestamp=Sat Sep 03 17:52:18 MSK 2022, data=LoginDataRs(id=1, firstName=Test, lastName=Test, regDate=2011-05-16T15:36:38, birthDate=null, email=test@mail.ru, phone=+7(111)1111111, photo=null, about=)), cityRs=null, countryRs=null, messagesPermission=null, lastOnlineTime=null, isBlocked=false, token=eyJhbGciOiJIUzI1NiJ9.eyJzdWIiOiJ0ZXN0QG1haWwucnUiLCJpYXQiOjE2NjIyMTY3MzgsImV4cCI6MTY2MjIyMDMzOH0.MA6_aLL7ODFwpClrti-EZv1bYlKJXGfZ57MFcQy7XSk))] 
2022-09-03 17:52:18 [http-nio-8086-exec-5] DEBUG DebugLogging - Request = path: [org.javaproteam27.socialnetwork.service.LoginService], method: [profileResponse], arguments: [eyJhbGciOiJIUzI1NiJ9.eyJzdWIiOiJ0ZXN0QG1haWwucnUiLCJpYXQiOjE2NjIyMTY3MzgsImV4cCI6MTY2MjIyMDMzOH0.MA6_aLL7ODFwpClrti-EZv1bYlKJXGfZ57MFcQy7XSk] 
2022-09-03 17:52:18 [http-nio-8086-exec-5] DEBUG DebugLogging - Response = path: [org.javaproteam27.socialnetwork.service.LoginService], method: [profileResponse], return: [<200 OK OK,ResponseRs(error=string, timestamp=1662216738514, offset=0, perPage=20, data=org.javaproteam27.socialnetwork.model.dto.response.PersonRs@24775668, errorDescription=null),[]>] 
2022-09-03 18:00:19 [http-nio-8086-exec-3] DEBUG DebugLogging - Request = path: [org.javaproteam27.socialnetwork.service.LoginService], method: [login], arguments: [LoginRq(email=test@mail.ru, password=testtest)] 
2022-09-03 18:00:19 [http-nio-8086-exec-3] DEBUG DebugLogging - Response = path: [org.javaproteam27.socialnetwork.service.LoginService], method: [login], return: [LoginRs(error=, timestamp=Sat Sep 03 18:00:19 MSK 2022, data=LoginDataRs(id=1, firstName=Test, lastName=Test, regDate=2011-05-16T15:36:38, birthDate=null, email=test@mail.ru, phone=+7(111)1111111, photo=null, about=)), cityRs=null, countryRs=null, messagesPermission=null, lastOnlineTime=null, isBlocked=false, token=eyJhbGciOiJIUzI1NiJ9.eyJzdWIiOiJ0ZXN0QG1haWwucnUiLCJpYXQiOjE2NjIyMTcyMTksImV4cCI6MTY2MjIyMDgxOX0.5rzRPR-lQ_h5Axt7Ew-m14gEhRu1k4_L10WKtOxPL0c))] 
2022-09-03 18:00:19 [http-nio-8086-exec-5] DEBUG DebugLogging - Request = path: [org.javaproteam27.socialnetwork.service.LoginService], method: [profileResponse], arguments: [eyJhbGciOiJIUzI1NiJ9.eyJzdWIiOiJ0ZXN0QG1haWwucnUiLCJpYXQiOjE2NjIyMTcyMTksImV4cCI6MTY2MjIyMDgxOX0.5rzRPR-lQ_h5Axt7Ew-m14gEhRu1k4_L10WKtOxPL0c] 
2022-09-03 18:00:19 [http-nio-8086-exec-5] DEBUG DebugLogging - Response = path: [org.javaproteam27.socialnetwork.service.LoginService], method: [profileResponse], return: [<200 OK OK,ResponseRs(error=string, timestamp=1662217219159, offset=0, perPage=20, data=org.javaproteam27.socialnetwork.model.dto.response.PersonRs@3f84d190, errorDescription=null),[]>] 
2022-09-03 18:27:02 [http-nio-8086-exec-3] DEBUG DebugLogging - Request = path: [org.javaproteam27.socialnetwork.service.LoginService], method: [login], arguments: [LoginRq(email=test@mail.ru, password=testtest)] 
2022-09-03 18:27:02 [http-nio-8086-exec-3] DEBUG DebugLogging - Response = path: [org.javaproteam27.socialnetwork.service.LoginService], method: [login], return: [LoginRs(error=, timestamp=Sat Sep 03 18:27:02 MSK 2022, data=LoginDataRs(id=1, firstName=Test, lastName=Test, regDate=2011-05-16T15:36:38, birthDate=null, email=test@mail.ru, phone=+7(111)1111111, photo=null, about=)), cityRs=null, countryRs=null, messagesPermission=null, lastOnlineTime=null, isBlocked=false, token=eyJhbGciOiJIUzI1NiJ9.eyJzdWIiOiJ0ZXN0QG1haWwucnUiLCJpYXQiOjE2NjIyMTg4MjIsImV4cCI6MTY2MjIyMjQyMn0.HXY56edI9ynqymvSLtgz9DIfX9RPQQGEnWGCC-r9C3k))] 
2022-09-03 18:27:02 [http-nio-8086-exec-5] DEBUG DebugLogging - Request = path: [org.javaproteam27.socialnetwork.service.LoginService], method: [profileResponse], arguments: [eyJhbGciOiJIUzI1NiJ9.eyJzdWIiOiJ0ZXN0QG1haWwucnUiLCJpYXQiOjE2NjIyMTg4MjIsImV4cCI6MTY2MjIyMjQyMn0.HXY56edI9ynqymvSLtgz9DIfX9RPQQGEnWGCC-r9C3k] 
2022-09-03 18:27:02 [http-nio-8086-exec-5] DEBUG DebugLogging - Response = path: [org.javaproteam27.socialnetwork.service.LoginService], method: [profileResponse], return: [<200 OK OK,ResponseRs(error=string, timestamp=1662218822576, offset=0, perPage=20, data=org.javaproteam27.socialnetwork.model.dto.response.PersonRs@206e051b, errorDescription=null),[]>] 
2022-09-03 19:00:13 [http-nio-8086-exec-3] DEBUG DebugLogging - Request = path: [org.javaproteam27.socialnetwork.service.LoginService], method: [login], arguments: [LoginRq(email=test@mail.ru, password=testtest)] 
2022-09-03 19:00:13 [http-nio-8086-exec-3] DEBUG DebugLogging - Response = path: [org.javaproteam27.socialnetwork.service.LoginService], method: [login], return: [LoginRs(error=, timestamp=Sat Sep 03 19:00:13 MSK 2022, data=LoginDataRs(id=1, firstName=Test, lastName=Test, regDate=2011-05-16T15:36:38, birthDate=null, email=test@mail.ru, phone=+7(111)1111111, photo=null, about=)), cityRs=null, countryRs=null, messagesPermission=null, lastOnlineTime=null, isBlocked=false, token=eyJhbGciOiJIUzI1NiJ9.eyJzdWIiOiJ0ZXN0QG1haWwucnUiLCJpYXQiOjE2NjIyMjA4MTMsImV4cCI6MTY2MjIyNDQxM30.sT1TButOBI3NQ--oo-Q0S-fdK5CkJKdoQcDEP5Zo4Vc))] 
2022-09-03 19:00:13 [http-nio-8086-exec-5] DEBUG DebugLogging - Request = path: [org.javaproteam27.socialnetwork.service.LoginService], method: [profileResponse], arguments: [eyJhbGciOiJIUzI1NiJ9.eyJzdWIiOiJ0ZXN0QG1haWwucnUiLCJpYXQiOjE2NjIyMjA4MTMsImV4cCI6MTY2MjIyNDQxM30.sT1TButOBI3NQ--oo-Q0S-fdK5CkJKdoQcDEP5Zo4Vc] 
2022-09-03 19:00:13 [http-nio-8086-exec-5] DEBUG DebugLogging - Response = path: [org.javaproteam27.socialnetwork.service.LoginService], method: [profileResponse], return: [<200 OK OK,ResponseRs(error=string, timestamp=1662220813180, offset=0, perPage=20, data=org.javaproteam27.socialnetwork.model.dto.response.PersonRs@74605506, errorDescription=null),[]>] 
