2022-08-26 15:01:40 [main] INFO  o.j.s.SocialNetworkApplication - Starting SocialNetworkApplication on macbook-air-karina.home with PID 23709 (/Users/vareldzhyankarina/FinalProject/javapro_teams27_backend/target/classes started by vareldzhyankarina in /Users/vareldzhyankarina/FinalProject/javapro_teams27_backend)
2022-08-26 15:01:40 [main] INFO  o.j.s.SocialNetworkApplication - The following profiles are active: anton_m
2022-08-26 15:01:40 [main] INFO  o.s.d.r.c.RepositoryConfigurationDelegate - Multiple Spring Data modules found, entering strict repository configuration mode!
2022-08-26 15:01:40 [main] INFO  o.s.d.r.c.RepositoryConfigurationDelegate - Bootstrapping Spring Data JDBC repositories in DEFAULT mode.
2022-08-26 15:01:40 [main] INFO  o.s.d.r.c.RepositoryConfigurationDelegate - Finished Spring Data repository scanning in 7ms. Found 0 JDBC repository interfaces.
2022-08-26 15:01:40 [main] INFO  o.s.d.r.c.RepositoryConfigurationDelegate - Multiple Spring Data modules found, entering strict repository configuration mode!
2022-08-26 15:01:40 [main] INFO  o.s.d.r.c.RepositoryConfigurationDelegate - Bootstrapping Spring Data JPA repositories in DEFAULT mode.
2022-08-26 15:01:40 [main] INFO  o.s.d.r.c.RepositoryConfigurationDelegate - Finished Spring Data repository scanning in 2ms. Found 0 JPA repository interfaces.
2022-08-26 15:01:40 [main] INFO  o.s.b.w.e.tomcat.TomcatWebServer - Tomcat initialized with port(s): 8086 (http)
2022-08-26 15:01:40 [main] INFO  o.a.coyote.http11.Http11NioProtocol - Initializing ProtocolHandler ["http-nio-8086"]
2022-08-26 15:01:40 [main] INFO  o.a.catalina.core.StandardService - Starting service [Tomcat]
2022-08-26 15:01:40 [main] INFO  o.a.catalina.core.StandardEngine - Starting Servlet engine: [Apache Tomcat/9.0.46]
2022-08-26 15:01:40 [main] INFO  o.a.c.c.C.[Tomcat].[localhost].[/] - Initializing Spring embedded WebApplicationContext
2022-08-26 15:01:40 [main] INFO  o.s.b.w.s.c.ServletWebServerApplicationContext - Root WebApplicationContext: initialization completed in 509 ms
2022-08-26 15:01:40 [main] INFO  com.zaxxer.hikari.HikariDataSource - HikariPool-1 - Starting...
2022-08-26 15:01:41 [main] ERROR com.zaxxer.hikari.pool.HikariPool - HikariPool-1 - Exception during pool initialization.
org.postgresql.util.PSQLException: FATAL: role "anton" does not exist
	at org.postgresql.core.v3.QueryExecutorImpl.receiveErrorResponse(QueryExecutorImpl.java:2553)
	at org.postgresql.core.v3.QueryExecutorImpl.readStartupMessages(QueryExecutorImpl.java:2665)
	at org.postgresql.core.v3.QueryExecutorImpl.<init>(QueryExecutorImpl.java:147)
	at org.postgresql.core.v3.ConnectionFactoryImpl.openConnectionImpl(ConnectionFactoryImpl.java:273)
	at org.postgresql.core.ConnectionFactory.openConnection(ConnectionFactory.java:51)
	at org.postgresql.jdbc.PgConnection.<init>(PgConnection.java:223)
	at org.postgresql.Driver.makeConnection(Driver.java:465)
	at org.postgresql.Driver.connect(Driver.java:264)
	at com.zaxxer.hikari.util.DriverDataSource.getConnection(DriverDataSource.java:138)
	at com.zaxxer.hikari.pool.PoolBase.newConnection(PoolBase.java:358)
	at com.zaxxer.hikari.pool.PoolBase.newPoolEntry(PoolBase.java:206)
	at com.zaxxer.hikari.pool.HikariPool.createPoolEntry(HikariPool.java:477)
	at com.zaxxer.hikari.pool.HikariPool.checkFailFast(HikariPool.java:560)
	at com.zaxxer.hikari.pool.HikariPool.<init>(HikariPool.java:115)
	at com.zaxxer.hikari.HikariDataSource.getConnection(HikariDataSource.java:112)
	at liquibase.integration.spring.SpringLiquibase.afterPropertiesSet(SpringLiquibase.java:311)
	at org.springframework.beans.factory.support.AbstractAutowireCapableBeanFactory.invokeInitMethods(AbstractAutowireCapableBeanFactory.java:1858)
	at org.springframework.beans.factory.support.AbstractAutowireCapableBeanFactory.initializeBean(AbstractAutowireCapableBeanFactory.java:1795)
	at org.springframework.beans.factory.support.AbstractAutowireCapableBeanFactory.doCreateBean(AbstractAutowireCapableBeanFactory.java:594)
	at org.springframework.beans.factory.support.AbstractAutowireCapableBeanFactory.createBean(AbstractAutowireCapableBeanFactory.java:516)
	at org.springframework.beans.factory.support.AbstractBeanFactory.lambda$doGetBean$0(AbstractBeanFactory.java:324)
	at org.springframework.beans.factory.support.DefaultSingletonBeanRegistry.getSingleton(DefaultSingletonBeanRegistry.java:234)
	at org.springframework.beans.factory.support.AbstractBeanFactory.doGetBean(AbstractBeanFactory.java:322)
	at org.springframework.beans.factory.support.AbstractBeanFactory.getBean(AbstractBeanFactory.java:202)
	at org.springframework.beans.factory.support.AbstractBeanFactory.doGetBean(AbstractBeanFactory.java:311)
	at org.springframework.beans.factory.support.AbstractBeanFactory.getBean(AbstractBeanFactory.java:202)
	at org.springframework.context.support.AbstractApplicationContext.getBean(AbstractApplicationContext.java:1109)
	at org.springframework.context.support.AbstractApplicationContext.finishBeanFactoryInitialization(AbstractApplicationContext.java:869)
	at org.springframework.context.support.AbstractApplicationContext.refresh(AbstractApplicationContext.java:551)
	at org.springframework.boot.web.servlet.context.ServletWebServerApplicationContext.refresh(ServletWebServerApplicationContext.java:143)
	at org.springframework.boot.SpringApplication.refresh(SpringApplication.java:755)
	at org.springframework.boot.SpringApplication.refresh(SpringApplication.java:747)
	at org.springframework.boot.SpringApplication.refreshContext(SpringApplication.java:402)
	at org.springframework.boot.SpringApplication.run(SpringApplication.java:312)
	at org.springframework.boot.SpringApplication.run(SpringApplication.java:1247)
	at org.springframework.boot.SpringApplication.run(SpringApplication.java:1236)
	at org.javaproteam27.socialnetwork.SocialNetworkApplication.main(SocialNetworkApplication.java:10)
2022-08-26 15:01:41 [main] WARN  o.s.b.w.s.c.AnnotationConfigServletWebServerApplicationContext - Exception encountered during context initialization - cancelling refresh attempt: org.springframework.beans.factory.BeanCreationException: Error creating bean with name 'liquibase' defined in class path resource [org/springframework/boot/autoconfigure/liquibase/LiquibaseAutoConfiguration$LiquibaseConfiguration.class]: Invocation of init method failed; nested exception is liquibase.exception.DatabaseException: org.postgresql.util.PSQLException: FATAL: role "anton" does not exist
2022-08-26 15:01:41 [main] INFO  o.a.catalina.core.StandardService - Stopping service [Tomcat]
2022-08-26 15:01:41 [main] INFO  o.s.b.a.l.ConditionEvaluationReportLoggingListener - 

Error starting ApplicationContext. To display the conditions report re-run your application with 'debug' enabled.
2022-08-26 15:01:41 [main] ERROR o.s.boot.SpringApplication - Application run failed
org.springframework.beans.factory.BeanCreationException: Error creating bean with name 'liquibase' defined in class path resource [org/springframework/boot/autoconfigure/liquibase/LiquibaseAutoConfiguration$LiquibaseConfiguration.class]: Invocation of init method failed; nested exception is liquibase.exception.DatabaseException: org.postgresql.util.PSQLException: FATAL: role "anton" does not exist
	at org.springframework.beans.factory.support.AbstractAutowireCapableBeanFactory.initializeBean(AbstractAutowireCapableBeanFactory.java:1799)
	at org.springframework.beans.factory.support.AbstractAutowireCapableBeanFactory.doCreateBean(AbstractAutowireCapableBeanFactory.java:594)
	at org.springframework.beans.factory.support.AbstractAutowireCapableBeanFactory.createBean(AbstractAutowireCapableBeanFactory.java:516)
	at org.springframework.beans.factory.support.AbstractBeanFactory.lambda$doGetBean$0(AbstractBeanFactory.java:324)
	at org.springframework.beans.factory.support.DefaultSingletonBeanRegistry.getSingleton(DefaultSingletonBeanRegistry.java:234)
	at org.springframework.beans.factory.support.AbstractBeanFactory.doGetBean(AbstractBeanFactory.java:322)
	at org.springframework.beans.factory.support.AbstractBeanFactory.getBean(AbstractBeanFactory.java:202)
	at org.springframework.beans.factory.support.AbstractBeanFactory.doGetBean(AbstractBeanFactory.java:311)
	at org.springframework.beans.factory.support.AbstractBeanFactory.getBean(AbstractBeanFactory.java:202)
	at org.springframework.context.support.AbstractApplicationContext.getBean(AbstractApplicationContext.java:1109)
	at org.springframework.context.support.AbstractApplicationContext.finishBeanFactoryInitialization(AbstractApplicationContext.java:869)
	at org.springframework.context.support.AbstractApplicationContext.refresh(AbstractApplicationContext.java:551)
	at org.springframework.boot.web.servlet.context.ServletWebServerApplicationContext.refresh(ServletWebServerApplicationContext.java:143)
	at org.springframework.boot.SpringApplication.refresh(SpringApplication.java:755)
	at org.springframework.boot.SpringApplication.refresh(SpringApplication.java:747)
	at org.springframework.boot.SpringApplication.refreshContext(SpringApplication.java:402)
	at org.springframework.boot.SpringApplication.run(SpringApplication.java:312)
	at org.springframework.boot.SpringApplication.run(SpringApplication.java:1247)
	at org.springframework.boot.SpringApplication.run(SpringApplication.java:1236)
	at org.javaproteam27.socialnetwork.SocialNetworkApplication.main(SocialNetworkApplication.java:10)
Caused by: liquibase.exception.DatabaseException: org.postgresql.util.PSQLException: FATAL: role "anton" does not exist
	at liquibase.integration.spring.SpringLiquibase.afterPropertiesSet(SpringLiquibase.java:316)
	at org.springframework.beans.factory.support.AbstractAutowireCapableBeanFactory.invokeInitMethods(AbstractAutowireCapableBeanFactory.java:1858)
	at org.springframework.beans.factory.support.AbstractAutowireCapableBeanFactory.initializeBean(AbstractAutowireCapableBeanFactory.java:1795)
	... 19 common frames omitted
Caused by: org.postgresql.util.PSQLException: FATAL: role "anton" does not exist
	at org.postgresql.core.v3.QueryExecutorImpl.receiveErrorResponse(QueryExecutorImpl.java:2553)
	at org.postgresql.core.v3.QueryExecutorImpl.readStartupMessages(QueryExecutorImpl.java:2665)
	at org.postgresql.core.v3.QueryExecutorImpl.<init>(QueryExecutorImpl.java:147)
	at org.postgresql.core.v3.ConnectionFactoryImpl.openConnectionImpl(ConnectionFactoryImpl.java:273)
	at org.postgresql.core.ConnectionFactory.openConnection(ConnectionFactory.java:51)
	at org.postgresql.jdbc.PgConnection.<init>(PgConnection.java:223)
	at org.postgresql.Driver.makeConnection(Driver.java:465)
	at org.postgresql.Driver.connect(Driver.java:264)
	at com.zaxxer.hikari.util.DriverDataSource.getConnection(DriverDataSource.java:138)
	at com.zaxxer.hikari.pool.PoolBase.newConnection(PoolBase.java:358)
	at com.zaxxer.hikari.pool.PoolBase.newPoolEntry(PoolBase.java:206)
	at com.zaxxer.hikari.pool.HikariPool.createPoolEntry(HikariPool.java:477)
	at com.zaxxer.hikari.pool.HikariPool.checkFailFast(HikariPool.java:560)
	at com.zaxxer.hikari.pool.HikariPool.<init>(HikariPool.java:115)
	at com.zaxxer.hikari.HikariDataSource.getConnection(HikariDataSource.java:112)
	at liquibase.integration.spring.SpringLiquibase.afterPropertiesSet(SpringLiquibase.java:311)
	... 21 common frames omitted
2022-08-26 15:03:09 [main] INFO  o.j.s.SocialNetworkApplication - Starting SocialNetworkApplication on macbook-air-karina.home with PID 23730 (/Users/vareldzhyankarina/FinalProject/javapro_teams27_backend/target/classes started by vareldzhyankarina in /Users/vareldzhyankarina/FinalProject/javapro_teams27_backend)
2022-08-26 15:03:09 [main] INFO  o.j.s.SocialNetworkApplication - The following profiles are active: aleksei
2022-08-26 15:03:09 [main] INFO  o.s.d.r.c.RepositoryConfigurationDelegate - Multiple Spring Data modules found, entering strict repository configuration mode!
2022-08-26 15:03:09 [main] INFO  o.s.d.r.c.RepositoryConfigurationDelegate - Bootstrapping Spring Data JDBC repositories in DEFAULT mode.
2022-08-26 15:03:09 [main] INFO  o.s.d.r.c.RepositoryConfigurationDelegate - Finished Spring Data repository scanning in 8ms. Found 0 JDBC repository interfaces.
2022-08-26 15:03:09 [main] INFO  o.s.d.r.c.RepositoryConfigurationDelegate - Multiple Spring Data modules found, entering strict repository configuration mode!
2022-08-26 15:03:09 [main] INFO  o.s.d.r.c.RepositoryConfigurationDelegate - Bootstrapping Spring Data JPA repositories in DEFAULT mode.
2022-08-26 15:03:09 [main] INFO  o.s.d.r.c.RepositoryConfigurationDelegate - Finished Spring Data repository scanning in 3ms. Found 0 JPA repository interfaces.
2022-08-26 15:03:09 [main] INFO  o.s.b.w.e.tomcat.TomcatWebServer - Tomcat initialized with port(s): 8086 (http)
2022-08-26 15:03:09 [main] INFO  o.a.coyote.http11.Http11NioProtocol - Initializing ProtocolHandler ["http-nio-8086"]
2022-08-26 15:03:09 [main] INFO  o.a.catalina.core.StandardService - Starting service [Tomcat]
2022-08-26 15:03:09 [main] INFO  o.a.catalina.core.StandardEngine - Starting Servlet engine: [Apache Tomcat/9.0.46]
2022-08-26 15:03:09 [main] INFO  o.a.c.c.C.[Tomcat].[localhost].[/] - Initializing Spring embedded WebApplicationContext
2022-08-26 15:03:09 [main] INFO  o.s.b.w.s.c.ServletWebServerApplicationContext - Root WebApplicationContext: initialization completed in 438 ms
2022-08-26 15:03:10 [main] INFO  com.zaxxer.hikari.HikariDataSource - HikariPool-1 - Starting...
2022-08-26 15:03:10 [main] INFO  com.zaxxer.hikari.HikariDataSource - HikariPool-1 - Start completed.
2022-08-26 15:03:10 [main] INFO  liquibase.executor.jvm.JdbcExecutor - SELECT COUNT(*) FROM public.databasechangeloglock
2022-08-26 15:03:10 [main] INFO  liquibase.executor.jvm.JdbcExecutor - SELECT COUNT(*) FROM public.databasechangeloglock
2022-08-26 15:03:10 [main] INFO  liquibase.executor.jvm.JdbcExecutor - SELECT LOCKED FROM public.databasechangeloglock WHERE ID=1
2022-08-26 15:03:10 [main] INFO  l.lockservice.StandardLockService - Successfully acquired change log lock
2022-08-26 15:03:10 [main] INFO  liquibase.executor.jvm.JdbcExecutor - SELECT MD5SUM FROM public.databasechangelog WHERE MD5SUM IS NOT NULL LIMIT 1
2022-08-26 15:03:10 [main] INFO  liquibase.executor.jvm.JdbcExecutor - SELECT COUNT(*) FROM public.databasechangelog
2022-08-26 15:03:10 [main] INFO  l.c.StandardChangeLogHistoryService - Reading from public.databasechangelog
2022-08-26 15:03:10 [main] INFO  liquibase.executor.jvm.JdbcExecutor - SELECT * FROM public.databasechangelog ORDER BY DATEEXECUTED ASC, ORDEREXECUTED ASC
2022-08-26 15:03:10 [main] INFO  l.lockservice.StandardLockService - Successfully released change log lock
2022-08-26 15:03:10 [main] INFO  o.h.jpa.internal.util.LogHelper - HHH000204: Processing PersistenceUnitInfo [name: default]
2022-08-26 15:03:10 [main] INFO  org.hibernate.Version - HHH000412: Hibernate ORM core version 5.4.32.Final
2022-08-26 15:03:10 [main] INFO  o.h.annotations.common.Version - HCANN000001: Hibernate Commons Annotations {5.1.2.Final}
2022-08-26 15:03:10 [main] INFO  org.hibernate.dialect.Dialect - HHH000400: Using dialect: org.hibernate.dialect.PostgreSQL10Dialect
2022-08-26 15:03:10 [main] INFO  o.h.e.t.j.p.i.JtaPlatformInitiator - HHH000490: Using JtaPlatform implementation: [org.hibernate.engine.transaction.jta.platform.internal.NoJtaPlatform]
2022-08-26 15:03:10 [main] INFO  o.s.o.j.LocalContainerEntityManagerFactoryBean - Initialized JPA EntityManagerFactory for persistence unit 'default'
2022-08-26 15:03:10 [main] WARN  o.s.b.a.o.j.JpaBaseConfiguration$JpaWebConfiguration - spring.jpa.open-in-view is enabled by default. Therefore, database queries may be performed during view rendering. Explicitly configure spring.jpa.open-in-view to disable this warning
2022-08-26 15:03:10 [main] INFO  o.s.s.c.ThreadPoolTaskExecutor - Initializing ExecutorService 'applicationTaskExecutor'
2022-08-26 15:03:10 [main] INFO  o.s.b.a.w.s.WelcomePageHandlerMapping - Adding welcome page: class path resource [static/index.html]
2022-08-26 15:03:11 [main] INFO  o.s.s.web.DefaultSecurityFilterChain - Creating filter chain: any request, [org.springframework.security.web.context.request.async.WebAsyncManagerIntegrationFilter@5698a866, org.springframework.security.web.context.SecurityContextPersistenceFilter@7266f136, org.springframework.security.web.header.HeaderWriterFilter@3c832820, org.springframework.web.filter.CorsFilter@1c6ab85, org.springframework.security.web.authentication.logout.LogoutFilter@67f25c, org.javaproteam27.socialnetwork.security.jwt.JwtTokenFilter@1450131a, org.springframework.security.web.savedrequest.RequestCacheAwareFilter@173a86ad, org.springframework.security.web.servletapi.SecurityContextHolderAwareRequestFilter@3a516e4d, org.springframework.security.web.authentication.AnonymousAuthenticationFilter@45b221c7, org.springframework.security.web.session.SessionManagementFilter@21584b99, org.springframework.security.web.access.ExceptionTranslationFilter@7119d1da, org.springframework.security.web.access.intercept.FilterSecurityInterceptor@4ad113d6]
2022-08-26 15:03:11 [main] INFO  o.a.coyote.http11.Http11NioProtocol - Starting ProtocolHandler ["http-nio-8086"]
2022-08-26 15:03:11 [main] INFO  o.s.b.w.e.tomcat.TomcatWebServer - Tomcat started on port(s): 8086 (http) with context path ''
2022-08-26 15:03:11 [main] INFO  o.j.s.SocialNetworkApplication - Started SocialNetworkApplication in 1.862 seconds (JVM running for 2.222)
2022-08-26 15:04:43 [http-nio-8086-exec-2] INFO  o.a.c.c.C.[Tomcat].[localhost].[/] - Initializing Spring DispatcherServlet 'dispatcherServlet'
2022-08-26 15:04:43 [http-nio-8086-exec-2] INFO  o.s.web.servlet.DispatcherServlet - Initializing Servlet 'dispatcherServlet'
2022-08-26 15:04:43 [http-nio-8086-exec-2] INFO  o.s.web.servlet.DispatcherServlet - Completed initialization in 5 ms
2022-08-26 15:04:46 [SpringContextShutdownHook] INFO  o.s.s.c.ThreadPoolTaskExecutor - Shutting down ExecutorService 'applicationTaskExecutor'
2022-08-26 15:04:46 [SpringContextShutdownHook] INFO  o.s.o.j.LocalContainerEntityManagerFactoryBean - Closing JPA EntityManagerFactory for persistence unit 'default'
2022-08-26 15:04:46 [SpringContextShutdownHook] INFO  com.zaxxer.hikari.HikariDataSource - HikariPool-1 - Shutdown initiated...
2022-08-26 15:04:46 [SpringContextShutdownHook] INFO  com.zaxxer.hikari.HikariDataSource - HikariPool-1 - Shutdown completed.
2022-08-26 15:17:16 [main] INFO  o.j.s.SocialNetworkApplication - Starting SocialNetworkApplication on macbook-air-karina.home with PID 25576 (/Users/vareldzhyankarina/FinalProject/javapro_teams27_backend/target/classes started by vareldzhyankarina in /Users/vareldzhyankarina/FinalProject/javapro_teams27_backend)
2022-08-26 15:17:16 [main] INFO  o.j.s.SocialNetworkApplication - The following profiles are active: aleksei
2022-08-26 15:17:16 [main] INFO  o.s.d.r.c.RepositoryConfigurationDelegate - Multiple Spring Data modules found, entering strict repository configuration mode!
2022-08-26 15:17:16 [main] INFO  o.s.d.r.c.RepositoryConfigurationDelegate - Bootstrapping Spring Data JDBC repositories in DEFAULT mode.
2022-08-26 15:17:16 [main] INFO  o.s.d.r.c.RepositoryConfigurationDelegate - Finished Spring Data repository scanning in 8ms. Found 0 JDBC repository interfaces.
2022-08-26 15:17:16 [main] INFO  o.s.d.r.c.RepositoryConfigurationDelegate - Multiple Spring Data modules found, entering strict repository configuration mode!
2022-08-26 15:17:16 [main] INFO  o.s.d.r.c.RepositoryConfigurationDelegate - Bootstrapping Spring Data JPA repositories in DEFAULT mode.
2022-08-26 15:17:16 [main] INFO  o.s.d.r.c.RepositoryConfigurationDelegate - Finished Spring Data repository scanning in 2ms. Found 0 JPA repository interfaces.
2022-08-26 15:17:17 [main] INFO  o.s.b.w.e.tomcat.TomcatWebServer - Tomcat initialized with port(s): 8086 (http)
2022-08-26 15:17:17 [main] INFO  o.a.coyote.http11.Http11NioProtocol - Initializing ProtocolHandler ["http-nio-8086"]
2022-08-26 15:17:17 [main] INFO  o.a.catalina.core.StandardService - Starting service [Tomcat]
2022-08-26 15:17:17 [main] INFO  o.a.catalina.core.StandardEngine - Starting Servlet engine: [Apache Tomcat/9.0.46]
2022-08-26 15:17:17 [main] INFO  o.a.c.c.C.[Tomcat].[localhost].[/] - Initializing Spring embedded WebApplicationContext
2022-08-26 15:17:17 [main] INFO  o.s.b.w.s.c.ServletWebServerApplicationContext - Root WebApplicationContext: initialization completed in 509 ms
2022-08-26 15:17:17 [main] INFO  com.zaxxer.hikari.HikariDataSource - HikariPool-1 - Starting...
2022-08-26 15:17:17 [main] INFO  com.zaxxer.hikari.HikariDataSource - HikariPool-1 - Start completed.
2022-08-26 15:17:17 [main] INFO  liquibase.executor.jvm.JdbcExecutor - SELECT COUNT(*) FROM public.databasechangeloglock
2022-08-26 15:17:17 [main] INFO  liquibase.executor.jvm.JdbcExecutor - SELECT COUNT(*) FROM public.databasechangeloglock
2022-08-26 15:17:17 [main] INFO  liquibase.executor.jvm.JdbcExecutor - SELECT LOCKED FROM public.databasechangeloglock WHERE ID=1
2022-08-26 15:17:17 [main] INFO  l.lockservice.StandardLockService - Successfully acquired change log lock
2022-08-26 15:17:17 [main] INFO  liquibase.executor.jvm.JdbcExecutor - SELECT MD5SUM FROM public.databasechangelog WHERE MD5SUM IS NOT NULL LIMIT 1
2022-08-26 15:17:17 [main] INFO  liquibase.executor.jvm.JdbcExecutor - SELECT COUNT(*) FROM public.databasechangelog
2022-08-26 15:17:17 [main] INFO  l.c.StandardChangeLogHistoryService - Reading from public.databasechangelog
2022-08-26 15:17:17 [main] INFO  liquibase.executor.jvm.JdbcExecutor - SELECT * FROM public.databasechangelog ORDER BY DATEEXECUTED ASC, ORDEREXECUTED ASC
2022-08-26 15:17:17 [main] INFO  l.lockservice.StandardLockService - Successfully released change log lock
2022-08-26 15:17:17 [main] INFO  o.h.jpa.internal.util.LogHelper - HHH000204: Processing PersistenceUnitInfo [name: default]
2022-08-26 15:17:17 [main] INFO  org.hibernate.Version - HHH000412: Hibernate ORM core version 5.4.32.Final
2022-08-26 15:17:17 [main] INFO  o.h.annotations.common.Version - HCANN000001: Hibernate Commons Annotations {5.1.2.Final}
2022-08-26 15:17:17 [main] INFO  org.hibernate.dialect.Dialect - HHH000400: Using dialect: org.hibernate.dialect.PostgreSQL10Dialect
2022-08-26 15:17:17 [main] INFO  o.h.e.t.j.p.i.JtaPlatformInitiator - HHH000490: Using JtaPlatform implementation: [org.hibernate.engine.transaction.jta.platform.internal.NoJtaPlatform]
2022-08-26 15:17:17 [main] INFO  o.s.o.j.LocalContainerEntityManagerFactoryBean - Initialized JPA EntityManagerFactory for persistence unit 'default'
2022-08-26 15:17:17 [main] WARN  o.s.b.a.o.j.JpaBaseConfiguration$JpaWebConfiguration - spring.jpa.open-in-view is enabled by default. Therefore, database queries may be performed during view rendering. Explicitly configure spring.jpa.open-in-view to disable this warning
2022-08-26 15:17:17 [main] INFO  o.s.s.c.ThreadPoolTaskExecutor - Initializing ExecutorService 'applicationTaskExecutor'
2022-08-26 15:17:18 [main] INFO  o.s.b.a.w.s.WelcomePageHandlerMapping - Adding welcome page: class path resource [static/index.html]
2022-08-26 15:17:18 [main] INFO  o.s.s.web.DefaultSecurityFilterChain - Creating filter chain: any request, [org.springframework.security.web.context.request.async.WebAsyncManagerIntegrationFilter@3637e628, org.springframework.security.web.context.SecurityContextPersistenceFilter@760dc63, org.springframework.security.web.header.HeaderWriterFilter@64bcf689, org.springframework.web.filter.CorsFilter@6990f6af, org.springframework.security.web.authentication.logout.LogoutFilter@602854ed, org.javaproteam27.socialnetwork.security.jwt.JwtTokenFilter@1450131a, org.springframework.security.web.savedrequest.RequestCacheAwareFilter@4e44b713, org.springframework.security.web.servletapi.SecurityContextHolderAwareRequestFilter@3a973b5e, org.springframework.security.web.authentication.AnonymousAuthenticationFilter@27d38370, org.springframework.security.web.session.SessionManagementFilter@2d170dac, org.springframework.security.web.access.ExceptionTranslationFilter@47d8c666, org.springframework.security.web.access.intercept.FilterSecurityInterceptor@75c8ba94]
2022-08-26 15:17:18 [main] INFO  o.a.coyote.http11.Http11NioProtocol - Starting ProtocolHandler ["http-nio-8086"]
2022-08-26 15:17:18 [main] INFO  o.s.b.w.e.tomcat.TomcatWebServer - Tomcat started on port(s): 8086 (http) with context path ''
2022-08-26 15:17:18 [main] INFO  o.j.s.SocialNetworkApplication - Started SocialNetworkApplication in 1.847 seconds (JVM running for 2.119)
2022-08-26 15:19:11 [http-nio-8086-exec-2] INFO  o.a.c.c.C.[Tomcat].[localhost].[/] - Initializing Spring DispatcherServlet 'dispatcherServlet'
2022-08-26 15:19:11 [http-nio-8086-exec-2] INFO  o.s.web.servlet.DispatcherServlet - Initializing Servlet 'dispatcherServlet'
2022-08-26 15:19:11 [http-nio-8086-exec-2] INFO  o.s.web.servlet.DispatcherServlet - Completed initialization in 5 ms
2022-08-26 15:19:11 [http-nio-8086-exec-2] INFO  o.j.socialnetwork.aop.LoggerAspect - Request = path: [org.javaproteam27.socialnetwork.controller.LoginController], method: [login], arguments: [LoginRq(email=test@mail.ru, password=testtest)] 
2022-08-26 15:19:11 [http-nio-8086-exec-2] INFO  o.j.socialnetwork.aop.LoggerAspect - Response = path: [org.javaproteam27.socialnetwork.controller.LoginController], method: [login], return: [LoginRs(error=, timestamp=Fri Aug 26 15:19:11 CEST 2022, data=LoginDataRs(id=1, firstName=Test, lastName=Test, regDate=2011-05-16T15:36:38, birthDate=2001-05-16T15:36:38, email=test@mail.ru, phone=+7(111)1111111, photo=null, about=)), cityRs=CityRs(id=1, title=Moscow), countryRs=CountryRs(id=1, title=Russia), messagesPermission=ALL, lastOnlineTime=2022-08-16T15:36:38, isBlocked=false, token=eyJhbGciOiJIUzI1NiJ9.eyJzdWIiOiJ0ZXN0QG1haWwucnUiLCJpYXQiOjE2NjE1MTk5NTEsImV4cCI6MTY2MTUyMzU1MX0.MaH3tGiVF-m6qJgCpFhr_7Px9P0ycpH-MyI-H4gVUFw))] 
2022-08-26 15:22:31 [SpringContextShutdownHook] INFO  o.s.s.c.ThreadPoolTaskExecutor - Shutting down ExecutorService 'applicationTaskExecutor'
2022-08-26 15:22:31 [SpringContextShutdownHook] INFO  o.s.o.j.LocalContainerEntityManagerFactoryBean - Closing JPA EntityManagerFactory for persistence unit 'default'
2022-08-26 15:22:31 [SpringContextShutdownHook] INFO  com.zaxxer.hikari.HikariDataSource - HikariPool-1 - Shutdown initiated...
2022-08-26 15:22:31 [SpringContextShutdownHook] INFO  com.zaxxer.hikari.HikariDataSource - HikariPool-1 - Shutdown completed.
2022-08-26 15:31:11 [main] INFO  o.j.s.SocialNetworkApplication - Starting SocialNetworkApplication on macbook-air-karina.home with PID 5301 (/Users/vareldzhyankarina/FinalProject/javapro_teams27_backend/target/classes started by vareldzhyankarina in /Users/vareldzhyankarina/FinalProject/javapro_teams27_backend)
2022-08-26 15:31:11 [main] INFO  o.j.s.SocialNetworkApplication - The following profiles are active: aleksei
2022-08-26 15:31:12 [main] INFO  o.s.d.r.c.RepositoryConfigurationDelegate - Multiple Spring Data modules found, entering strict repository configuration mode!
2022-08-26 15:31:12 [main] INFO  o.s.d.r.c.RepositoryConfigurationDelegate - Bootstrapping Spring Data JDBC repositories in DEFAULT mode.
2022-08-26 15:31:12 [main] INFO  o.s.d.r.c.RepositoryConfigurationDelegate - Finished Spring Data repository scanning in 10ms. Found 0 JDBC repository interfaces.
2022-08-26 15:31:12 [main] INFO  o.s.d.r.c.RepositoryConfigurationDelegate - Multiple Spring Data modules found, entering strict repository configuration mode!
2022-08-26 15:31:12 [main] INFO  o.s.d.r.c.RepositoryConfigurationDelegate - Bootstrapping Spring Data JPA repositories in DEFAULT mode.
2022-08-26 15:31:12 [main] INFO  o.s.d.r.c.RepositoryConfigurationDelegate - Finished Spring Data repository scanning in 2ms. Found 0 JPA repository interfaces.
2022-08-26 15:31:12 [main] INFO  o.s.b.w.e.tomcat.TomcatWebServer - Tomcat initialized with port(s): 8086 (http)
2022-08-26 15:31:12 [main] INFO  o.a.coyote.http11.Http11NioProtocol - Initializing ProtocolHandler ["http-nio-8086"]
2022-08-26 15:31:12 [main] INFO  o.a.catalina.core.StandardService - Starting service [Tomcat]
2022-08-26 15:31:12 [main] INFO  o.a.catalina.core.StandardEngine - Starting Servlet engine: [Apache Tomcat/9.0.46]
2022-08-26 15:31:12 [main] INFO  o.a.c.c.C.[Tomcat].[localhost].[/] - Initializing Spring embedded WebApplicationContext
2022-08-26 15:31:12 [main] INFO  o.s.b.w.s.c.ServletWebServerApplicationContext - Root WebApplicationContext: initialization completed in 652 ms
2022-08-26 15:31:12 [main] INFO  com.zaxxer.hikari.HikariDataSource - HikariPool-1 - Starting...
2022-08-26 15:31:12 [main] INFO  com.zaxxer.hikari.HikariDataSource - HikariPool-1 - Start completed.
2022-08-26 15:31:13 [main] INFO  liquibase.executor.jvm.JdbcExecutor - SELECT COUNT(*) FROM public.databasechangeloglock
2022-08-26 15:31:13 [main] INFO  liquibase.executor.jvm.JdbcExecutor - SELECT COUNT(*) FROM public.databasechangeloglock
2022-08-26 15:31:13 [main] INFO  liquibase.executor.jvm.JdbcExecutor - SELECT LOCKED FROM public.databasechangeloglock WHERE ID=1
2022-08-26 15:31:13 [main] INFO  l.lockservice.StandardLockService - Successfully acquired change log lock
2022-08-26 15:31:13 [main] INFO  liquibase.executor.jvm.JdbcExecutor - SELECT MD5SUM FROM public.databasechangelog WHERE MD5SUM IS NOT NULL LIMIT 1
2022-08-26 15:31:13 [main] INFO  liquibase.executor.jvm.JdbcExecutor - SELECT COUNT(*) FROM public.databasechangelog
2022-08-26 15:31:13 [main] INFO  l.c.StandardChangeLogHistoryService - Reading from public.databasechangelog
2022-08-26 15:31:13 [main] INFO  liquibase.executor.jvm.JdbcExecutor - SELECT * FROM public.databasechangelog ORDER BY DATEEXECUTED ASC, ORDEREXECUTED ASC
2022-08-26 15:31:13 [main] INFO  l.lockservice.StandardLockService - Successfully released change log lock
2022-08-26 15:31:13 [main] INFO  o.h.jpa.internal.util.LogHelper - HHH000204: Processing PersistenceUnitInfo [name: default]
2022-08-26 15:31:13 [main] INFO  org.hibernate.Version - HHH000412: Hibernate ORM core version 5.4.32.Final
2022-08-26 15:31:13 [main] INFO  o.h.annotations.common.Version - HCANN000001: Hibernate Commons Annotations {5.1.2.Final}
2022-08-26 15:31:13 [main] INFO  org.hibernate.dialect.Dialect - HHH000400: Using dialect: org.hibernate.dialect.PostgreSQL10Dialect
2022-08-26 15:31:14 [main] INFO  o.h.e.t.j.p.i.JtaPlatformInitiator - HHH000490: Using JtaPlatform implementation: [org.hibernate.engine.transaction.jta.platform.internal.NoJtaPlatform]
2022-08-26 15:31:14 [main] INFO  o.s.o.j.LocalContainerEntityManagerFactoryBean - Initialized JPA EntityManagerFactory for persistence unit 'default'
2022-08-26 15:31:14 [main] WARN  o.s.b.a.o.j.JpaBaseConfiguration$JpaWebConfiguration - spring.jpa.open-in-view is enabled by default. Therefore, database queries may be performed during view rendering. Explicitly configure spring.jpa.open-in-view to disable this warning
2022-08-26 15:31:14 [main] INFO  o.s.s.c.ThreadPoolTaskExecutor - Initializing ExecutorService 'applicationTaskExecutor'
2022-08-26 15:31:14 [main] INFO  o.s.b.a.w.s.WelcomePageHandlerMapping - Adding welcome page: class path resource [static/index.html]
2022-08-26 15:31:14 [main] INFO  o.s.s.web.DefaultSecurityFilterChain - Creating filter chain: any request, [org.springframework.security.web.context.request.async.WebAsyncManagerIntegrationFilter@3637e628, org.springframework.security.web.context.SecurityContextPersistenceFilter@760dc63, org.springframework.security.web.header.HeaderWriterFilter@64bcf689, org.springframework.web.filter.CorsFilter@6990f6af, org.springframework.security.web.authentication.logout.LogoutFilter@602854ed, org.javaproteam27.socialnetwork.security.jwt.JwtTokenFilter@1450131a, org.springframework.security.web.savedrequest.RequestCacheAwareFilter@4e44b713, org.springframework.security.web.servletapi.SecurityContextHolderAwareRequestFilter@3a973b5e, org.springframework.security.web.authentication.AnonymousAuthenticationFilter@27d38370, org.springframework.security.web.session.SessionManagementFilter@2d170dac, org.springframework.security.web.access.ExceptionTranslationFilter@47d8c666, org.springframework.security.web.access.intercept.FilterSecurityInterceptor@75c8ba94]
2022-08-26 15:31:14 [main] INFO  o.a.coyote.http11.Http11NioProtocol - Starting ProtocolHandler ["http-nio-8086"]
2022-08-26 15:31:14 [main] WARN  o.s.b.w.s.c.AnnotationConfigServletWebServerApplicationContext - Exception encountered during context initialization - cancelling refresh attempt: org.springframework.context.ApplicationContextException: Failed to start bean 'webServerStartStop'; nested exception is org.springframework.boot.web.server.PortInUseException: Port 8086 is already in use
2022-08-26 15:31:14 [main] INFO  o.s.s.c.ThreadPoolTaskExecutor - Shutting down ExecutorService 'applicationTaskExecutor'
2022-08-26 15:31:14 [main] INFO  o.s.o.j.LocalContainerEntityManagerFactoryBean - Closing JPA EntityManagerFactory for persistence unit 'default'
2022-08-26 15:31:14 [main] INFO  com.zaxxer.hikari.HikariDataSource - HikariPool-1 - Shutdown initiated...
2022-08-26 15:31:14 [main] INFO  com.zaxxer.hikari.HikariDataSource - HikariPool-1 - Shutdown completed.
2022-08-26 15:31:14 [main] INFO  o.a.coyote.http11.Http11NioProtocol - Pausing ProtocolHandler ["http-nio-8086"]
2022-08-26 15:31:14 [main] INFO  o.a.catalina.core.StandardService - Stopping service [Tomcat]
2022-08-26 15:31:14 [main] INFO  o.a.coyote.http11.Http11NioProtocol - Stopping ProtocolHandler ["http-nio-8086"]
2022-08-26 15:31:14 [main] INFO  o.a.coyote.http11.Http11NioProtocol - Destroying ProtocolHandler ["http-nio-8086"]
2022-08-26 15:31:14 [main] INFO  o.s.b.a.l.ConditionEvaluationReportLoggingListener - 

Error starting ApplicationContext. To display the conditions report re-run your application with 'debug' enabled.
2022-08-26 15:31:14 [main] ERROR o.s.b.d.LoggingFailureAnalysisReporter - 

***************************
APPLICATION FAILED TO START
***************************

Description:

Web server failed to start. Port 8086 was already in use.

Action:

Identify and stop the process that's listening on port 8086 or configure this application to listen on another port.

2022-08-26 15:31:58 [main] INFO  o.j.s.SocialNetworkApplication - Starting SocialNetworkApplication on macbook-air-karina.home with PID 5387 (/Users/vareldzhyankarina/FinalProject/javapro_teams27_backend/target/classes started by vareldzhyankarina in /Users/vareldzhyankarina/FinalProject/javapro_teams27_backend)
2022-08-26 15:31:58 [main] INFO  o.j.s.SocialNetworkApplication - The following profiles are active: aleksei
2022-08-26 15:31:58 [main] INFO  o.s.d.r.c.RepositoryConfigurationDelegate - Multiple Spring Data modules found, entering strict repository configuration mode!
2022-08-26 15:31:58 [main] INFO  o.s.d.r.c.RepositoryConfigurationDelegate - Bootstrapping Spring Data JDBC repositories in DEFAULT mode.
2022-08-26 15:31:58 [main] INFO  o.s.d.r.c.RepositoryConfigurationDelegate - Finished Spring Data repository scanning in 7ms. Found 0 JDBC repository interfaces.
2022-08-26 15:31:58 [main] INFO  o.s.d.r.c.RepositoryConfigurationDelegate - Multiple Spring Data modules found, entering strict repository configuration mode!
2022-08-26 15:31:58 [main] INFO  o.s.d.r.c.RepositoryConfigurationDelegate - Bootstrapping Spring Data JPA repositories in DEFAULT mode.
2022-08-26 15:31:58 [main] INFO  o.s.d.r.c.RepositoryConfigurationDelegate - Finished Spring Data repository scanning in 3ms. Found 0 JPA repository interfaces.
2022-08-26 15:31:58 [main] INFO  o.s.b.w.e.tomcat.TomcatWebServer - Tomcat initialized with port(s): 8086 (http)
2022-08-26 15:31:58 [main] INFO  o.a.coyote.http11.Http11NioProtocol - Initializing ProtocolHandler ["http-nio-8086"]
2022-08-26 15:31:58 [main] INFO  o.a.catalina.core.StandardService - Starting service [Tomcat]
2022-08-26 15:31:58 [main] INFO  o.a.catalina.core.StandardEngine - Starting Servlet engine: [Apache Tomcat/9.0.46]
2022-08-26 15:31:58 [main] INFO  o.a.c.c.C.[Tomcat].[localhost].[/] - Initializing Spring embedded WebApplicationContext
2022-08-26 15:31:58 [main] INFO  o.s.b.w.s.c.ServletWebServerApplicationContext - Root WebApplicationContext: initialization completed in 457 ms
2022-08-26 15:31:58 [main] INFO  com.zaxxer.hikari.HikariDataSource - HikariPool-1 - Starting...
2022-08-26 15:31:58 [main] INFO  com.zaxxer.hikari.HikariDataSource - HikariPool-1 - Start completed.
2022-08-26 15:31:59 [main] INFO  liquibase.executor.jvm.JdbcExecutor - SELECT COUNT(*) FROM public.databasechangeloglock
2022-08-26 15:31:59 [main] INFO  liquibase.executor.jvm.JdbcExecutor - SELECT COUNT(*) FROM public.databasechangeloglock
2022-08-26 15:31:59 [main] INFO  liquibase.executor.jvm.JdbcExecutor - SELECT LOCKED FROM public.databasechangeloglock WHERE ID=1
2022-08-26 15:31:59 [main] INFO  l.lockservice.StandardLockService - Successfully acquired change log lock
2022-08-26 15:31:59 [main] INFO  liquibase.executor.jvm.JdbcExecutor - SELECT MD5SUM FROM public.databasechangelog WHERE MD5SUM IS NOT NULL LIMIT 1
2022-08-26 15:31:59 [main] INFO  liquibase.executor.jvm.JdbcExecutor - SELECT COUNT(*) FROM public.databasechangelog
2022-08-26 15:31:59 [main] INFO  l.c.StandardChangeLogHistoryService - Reading from public.databasechangelog
2022-08-26 15:31:59 [main] INFO  liquibase.executor.jvm.JdbcExecutor - SELECT * FROM public.databasechangelog ORDER BY DATEEXECUTED ASC, ORDEREXECUTED ASC
2022-08-26 15:31:59 [main] INFO  l.lockservice.StandardLockService - Successfully released change log lock
2022-08-26 15:31:59 [main] INFO  o.h.jpa.internal.util.LogHelper - HHH000204: Processing PersistenceUnitInfo [name: default]
2022-08-26 15:31:59 [main] INFO  org.hibernate.Version - HHH000412: Hibernate ORM core version 5.4.32.Final
2022-08-26 15:31:59 [main] INFO  o.h.annotations.common.Version - HCANN000001: Hibernate Commons Annotations {5.1.2.Final}
2022-08-26 15:31:59 [main] INFO  org.hibernate.dialect.Dialect - HHH000400: Using dialect: org.hibernate.dialect.PostgreSQL10Dialect
2022-08-26 15:31:59 [main] INFO  o.h.e.t.j.p.i.JtaPlatformInitiator - HHH000490: Using JtaPlatform implementation: [org.hibernate.engine.transaction.jta.platform.internal.NoJtaPlatform]
2022-08-26 15:31:59 [main] INFO  o.s.o.j.LocalContainerEntityManagerFactoryBean - Initialized JPA EntityManagerFactory for persistence unit 'default'
2022-08-26 15:31:59 [main] WARN  o.s.b.a.o.j.JpaBaseConfiguration$JpaWebConfiguration - spring.jpa.open-in-view is enabled by default. Therefore, database queries may be performed during view rendering. Explicitly configure spring.jpa.open-in-view to disable this warning
2022-08-26 15:31:59 [main] INFO  o.s.s.c.ThreadPoolTaskExecutor - Initializing ExecutorService 'applicationTaskExecutor'
2022-08-26 15:31:59 [main] INFO  o.s.b.a.w.s.WelcomePageHandlerMapping - Adding welcome page: class path resource [static/index.html]
2022-08-26 15:31:59 [main] INFO  o.s.s.web.DefaultSecurityFilterChain - Creating filter chain: any request, [org.springframework.security.web.context.request.async.WebAsyncManagerIntegrationFilter@18ea9bec, org.springframework.security.web.context.SecurityContextPersistenceFilter@453ff774, org.springframework.security.web.header.HeaderWriterFilter@316a682b, org.springframework.web.filter.CorsFilter@2dacaa7f, org.springframework.security.web.authentication.logout.LogoutFilter@64f3f849, org.javaproteam27.socialnetwork.security.jwt.JwtTokenFilter@47272cd3, org.springframework.security.web.savedrequest.RequestCacheAwareFilter@40cb19d5, org.springframework.security.web.servletapi.SecurityContextHolderAwareRequestFilter@5c74025e, org.springframework.security.web.authentication.AnonymousAuthenticationFilter@12e4822b, org.springframework.security.web.session.SessionManagementFilter@6b8de9dc, org.springframework.security.web.access.ExceptionTranslationFilter@4191774f, org.springframework.security.web.access.intercept.FilterSecurityInterceptor@5808573f]
2022-08-26 15:31:59 [main] INFO  o.a.coyote.http11.Http11NioProtocol - Starting ProtocolHandler ["http-nio-8086"]
2022-08-26 15:31:59 [main] INFO  o.s.b.w.e.tomcat.TomcatWebServer - Tomcat started on port(s): 8086 (http) with context path ''
2022-08-26 15:31:59 [main] INFO  o.j.s.SocialNetworkApplication - Started SocialNetworkApplication in 1.736 seconds (JVM running for 2.009)
2022-08-26 15:37:33 [SpringContextShutdownHook] INFO  o.s.s.c.ThreadPoolTaskExecutor - Shutting down ExecutorService 'applicationTaskExecutor'
2022-08-26 15:37:33 [SpringContextShutdownHook] INFO  o.s.o.j.LocalContainerEntityManagerFactoryBean - Closing JPA EntityManagerFactory for persistence unit 'default'
2022-08-26 15:37:33 [SpringContextShutdownHook] INFO  com.zaxxer.hikari.HikariDataSource - HikariPool-1 - Shutdown initiated...
2022-08-26 15:37:33 [SpringContextShutdownHook] INFO  com.zaxxer.hikari.HikariDataSource - HikariPool-1 - Shutdown completed.
2022-08-26 15:37:34 [main] INFO  o.j.s.SocialNetworkApplication - Starting SocialNetworkApplication on macbook-air-karina.home with PID 5860 (/Users/vareldzhyankarina/FinalProject/javapro_teams27_backend/target/classes started by vareldzhyankarina in /Users/vareldzhyankarina/FinalProject/javapro_teams27_backend)
2022-08-26 15:37:34 [main] INFO  o.j.s.SocialNetworkApplication - The following profiles are active: aleksei
2022-08-26 15:37:35 [main] INFO  o.s.d.r.c.RepositoryConfigurationDelegate - Multiple Spring Data modules found, entering strict repository configuration mode!
2022-08-26 15:37:35 [main] INFO  o.s.d.r.c.RepositoryConfigurationDelegate - Bootstrapping Spring Data JDBC repositories in DEFAULT mode.
2022-08-26 15:37:35 [main] INFO  o.s.d.r.c.RepositoryConfigurationDelegate - Finished Spring Data repository scanning in 14ms. Found 0 JDBC repository interfaces.
2022-08-26 15:37:35 [main] INFO  o.s.d.r.c.RepositoryConfigurationDelegate - Multiple Spring Data modules found, entering strict repository configuration mode!
2022-08-26 15:37:35 [main] INFO  o.s.d.r.c.RepositoryConfigurationDelegate - Bootstrapping Spring Data JPA repositories in DEFAULT mode.
2022-08-26 15:37:35 [main] INFO  o.s.d.r.c.RepositoryConfigurationDelegate - Finished Spring Data repository scanning in 5ms. Found 0 JPA repository interfaces.
2022-08-26 15:37:35 [main] INFO  o.s.b.w.e.tomcat.TomcatWebServer - Tomcat initialized with port(s): 8086 (http)
2022-08-26 15:37:35 [main] INFO  o.a.coyote.http11.Http11NioProtocol - Initializing ProtocolHandler ["http-nio-8086"]
2022-08-26 15:37:35 [main] INFO  o.a.catalina.core.StandardService - Starting service [Tomcat]
2022-08-26 15:37:35 [main] INFO  o.a.catalina.core.StandardEngine - Starting Servlet engine: [Apache Tomcat/9.0.46]
2022-08-26 15:37:35 [main] INFO  o.a.c.c.C.[Tomcat].[localhost].[/] - Initializing Spring embedded WebApplicationContext
2022-08-26 15:37:35 [main] INFO  o.s.b.w.s.c.ServletWebServerApplicationContext - Root WebApplicationContext: initialization completed in 704 ms
2022-08-26 15:37:35 [main] INFO  com.zaxxer.hikari.HikariDataSource - HikariPool-1 - Starting...
2022-08-26 15:37:35 [main] INFO  com.zaxxer.hikari.HikariDataSource - HikariPool-1 - Start completed.
2022-08-26 15:37:36 [main] INFO  liquibase.executor.jvm.JdbcExecutor - SELECT COUNT(*) FROM public.databasechangeloglock
2022-08-26 15:37:36 [main] INFO  liquibase.executor.jvm.JdbcExecutor - SELECT COUNT(*) FROM public.databasechangeloglock
2022-08-26 15:37:36 [main] INFO  liquibase.executor.jvm.JdbcExecutor - SELECT LOCKED FROM public.databasechangeloglock WHERE ID=1
2022-08-26 15:37:36 [main] INFO  l.lockservice.StandardLockService - Successfully acquired change log lock
2022-08-26 15:37:36 [main] INFO  liquibase.executor.jvm.JdbcExecutor - SELECT MD5SUM FROM public.databasechangelog WHERE MD5SUM IS NOT NULL LIMIT 1
2022-08-26 15:37:36 [main] INFO  liquibase.executor.jvm.JdbcExecutor - SELECT COUNT(*) FROM public.databasechangelog
2022-08-26 15:37:36 [main] INFO  l.c.StandardChangeLogHistoryService - Reading from public.databasechangelog
2022-08-26 15:37:36 [main] INFO  liquibase.executor.jvm.JdbcExecutor - SELECT * FROM public.databasechangelog ORDER BY DATEEXECUTED ASC, ORDEREXECUTED ASC
2022-08-26 15:37:36 [main] INFO  l.lockservice.StandardLockService - Successfully released change log lock
2022-08-26 15:37:36 [main] INFO  o.h.jpa.internal.util.LogHelper - HHH000204: Processing PersistenceUnitInfo [name: default]
2022-08-26 15:37:36 [main] INFO  org.hibernate.Version - HHH000412: Hibernate ORM core version 5.4.32.Final
2022-08-26 15:37:36 [main] INFO  o.h.annotations.common.Version - HCANN000001: Hibernate Commons Annotations {5.1.2.Final}
2022-08-26 15:37:36 [main] INFO  org.hibernate.dialect.Dialect - HHH000400: Using dialect: org.hibernate.dialect.PostgreSQL10Dialect
2022-08-26 15:37:36 [main] INFO  o.h.e.t.j.p.i.JtaPlatformInitiator - HHH000490: Using JtaPlatform implementation: [org.hibernate.engine.transaction.jta.platform.internal.NoJtaPlatform]
2022-08-26 15:37:36 [main] INFO  o.s.o.j.LocalContainerEntityManagerFactoryBean - Initialized JPA EntityManagerFactory for persistence unit 'default'
2022-08-26 15:37:36 [main] WARN  o.s.b.a.o.j.JpaBaseConfiguration$JpaWebConfiguration - spring.jpa.open-in-view is enabled by default. Therefore, database queries may be performed during view rendering. Explicitly configure spring.jpa.open-in-view to disable this warning
2022-08-26 15:37:36 [main] INFO  o.s.s.c.ThreadPoolTaskExecutor - Initializing ExecutorService 'applicationTaskExecutor'
2022-08-26 15:37:36 [main] INFO  o.s.b.a.w.s.WelcomePageHandlerMapping - Adding welcome page: class path resource [static/index.html]
2022-08-26 15:37:36 [main] INFO  o.s.s.web.DefaultSecurityFilterChain - Creating filter chain: any request, [org.springframework.security.web.context.request.async.WebAsyncManagerIntegrationFilter@5698a866, org.springframework.security.web.context.SecurityContextPersistenceFilter@7266f136, org.springframework.security.web.header.HeaderWriterFilter@3c832820, org.springframework.web.filter.CorsFilter@1c6ab85, org.springframework.security.web.authentication.logout.LogoutFilter@67f25c, org.javaproteam27.socialnetwork.security.jwt.JwtTokenFilter@1450131a, org.springframework.security.web.savedrequest.RequestCacheAwareFilter@173a86ad, org.springframework.security.web.servletapi.SecurityContextHolderAwareRequestFilter@3a516e4d, org.springframework.security.web.authentication.AnonymousAuthenticationFilter@45b221c7, org.springframework.security.web.session.SessionManagementFilter@21584b99, org.springframework.security.web.access.ExceptionTranslationFilter@7119d1da, org.springframework.security.web.access.intercept.FilterSecurityInterceptor@4ad113d6]
2022-08-26 15:37:36 [main] INFO  o.a.coyote.http11.Http11NioProtocol - Starting ProtocolHandler ["http-nio-8086"]
2022-08-26 15:37:36 [main] INFO  o.s.b.w.e.tomcat.TomcatWebServer - Tomcat started on port(s): 8086 (http) with context path ''
2022-08-26 15:37:36 [main] INFO  o.j.s.SocialNetworkApplication - Started SocialNetworkApplication in 2.092 seconds (JVM running for 2.457)
2022-08-26 15:40:20 [SpringContextShutdownHook] INFO  o.s.s.c.ThreadPoolTaskExecutor - Shutting down ExecutorService 'applicationTaskExecutor'
2022-08-26 15:40:20 [SpringContextShutdownHook] INFO  o.s.o.j.LocalContainerEntityManagerFactoryBean - Closing JPA EntityManagerFactory for persistence unit 'default'
2022-08-26 15:40:20 [SpringContextShutdownHook] INFO  com.zaxxer.hikari.HikariDataSource - HikariPool-1 - Shutdown initiated...
2022-08-26 15:40:20 [SpringContextShutdownHook] INFO  com.zaxxer.hikari.HikariDataSource - HikariPool-1 - Shutdown completed.
2022-08-26 17:50:11 [main] INFO  o.j.s.SocialNetworkApplication - Starting SocialNetworkApplication on macbook-air-karina.home with PID 13183 (/Users/vareldzhyankarina/FinalProject/javapro_teams27_backend/target/classes started by vareldzhyankarina in /Users/vareldzhyankarina/FinalProject/javapro_teams27_backend)
2022-08-26 17:50:11 [main] INFO  o.j.s.SocialNetworkApplication - The following profiles are active: anton_m
2022-08-26 17:50:11 [main] INFO  o.s.d.r.c.RepositoryConfigurationDelegate - Multiple Spring Data modules found, entering strict repository configuration mode!
2022-08-26 17:50:11 [main] INFO  o.s.d.r.c.RepositoryConfigurationDelegate - Bootstrapping Spring Data JDBC repositories in DEFAULT mode.
2022-08-26 17:50:11 [main] INFO  o.s.d.r.c.RepositoryConfigurationDelegate - Finished Spring Data repository scanning in 8ms. Found 0 JDBC repository interfaces.
2022-08-26 17:50:11 [main] INFO  o.s.d.r.c.RepositoryConfigurationDelegate - Multiple Spring Data modules found, entering strict repository configuration mode!
2022-08-26 17:50:11 [main] INFO  o.s.d.r.c.RepositoryConfigurationDelegate - Bootstrapping Spring Data JPA repositories in DEFAULT mode.
2022-08-26 17:50:11 [main] INFO  o.s.d.r.c.RepositoryConfigurationDelegate - Finished Spring Data repository scanning in 3ms. Found 0 JPA repository interfaces.
2022-08-26 17:50:11 [main] INFO  o.s.b.w.e.tomcat.TomcatWebServer - Tomcat initialized with port(s): 8086 (http)
2022-08-26 17:50:11 [main] INFO  o.a.coyote.http11.Http11NioProtocol - Initializing ProtocolHandler ["http-nio-8086"]
2022-08-26 17:50:11 [main] INFO  o.a.catalina.core.StandardService - Starting service [Tomcat]
2022-08-26 17:50:11 [main] INFO  o.a.catalina.core.StandardEngine - Starting Servlet engine: [Apache Tomcat/9.0.46]
2022-08-26 17:50:11 [main] INFO  o.a.c.c.C.[Tomcat].[localhost].[/] - Initializing Spring embedded WebApplicationContext
2022-08-26 17:50:11 [main] INFO  o.s.b.w.s.c.ServletWebServerApplicationContext - Root WebApplicationContext: initialization completed in 512 ms
2022-08-26 17:50:11 [main] INFO  com.zaxxer.hikari.HikariDataSource - HikariPool-1 - Starting...
2022-08-26 17:50:12 [main] ERROR com.zaxxer.hikari.pool.HikariPool - HikariPool-1 - Exception during pool initialization.
org.postgresql.util.PSQLException: FATAL: role "anton" does not exist
	at org.postgresql.core.v3.QueryExecutorImpl.receiveErrorResponse(QueryExecutorImpl.java:2553)
	at org.postgresql.core.v3.QueryExecutorImpl.readStartupMessages(QueryExecutorImpl.java:2665)
	at org.postgresql.core.v3.QueryExecutorImpl.<init>(QueryExecutorImpl.java:147)
	at org.postgresql.core.v3.ConnectionFactoryImpl.openConnectionImpl(ConnectionFactoryImpl.java:273)
	at org.postgresql.core.ConnectionFactory.openConnection(ConnectionFactory.java:51)
	at org.postgresql.jdbc.PgConnection.<init>(PgConnection.java:223)
	at org.postgresql.Driver.makeConnection(Driver.java:465)
	at org.postgresql.Driver.connect(Driver.java:264)
	at com.zaxxer.hikari.util.DriverDataSource.getConnection(DriverDataSource.java:138)
	at com.zaxxer.hikari.pool.PoolBase.newConnection(PoolBase.java:358)
	at com.zaxxer.hikari.pool.PoolBase.newPoolEntry(PoolBase.java:206)
	at com.zaxxer.hikari.pool.HikariPool.createPoolEntry(HikariPool.java:477)
	at com.zaxxer.hikari.pool.HikariPool.checkFailFast(HikariPool.java:560)
	at com.zaxxer.hikari.pool.HikariPool.<init>(HikariPool.java:115)
	at com.zaxxer.hikari.HikariDataSource.getConnection(HikariDataSource.java:112)
	at liquibase.integration.spring.SpringLiquibase.afterPropertiesSet(SpringLiquibase.java:311)
	at org.springframework.beans.factory.support.AbstractAutowireCapableBeanFactory.invokeInitMethods(AbstractAutowireCapableBeanFactory.java:1858)
	at org.springframework.beans.factory.support.AbstractAutowireCapableBeanFactory.initializeBean(AbstractAutowireCapableBeanFactory.java:1795)
	at org.springframework.beans.factory.support.AbstractAutowireCapableBeanFactory.doCreateBean(AbstractAutowireCapableBeanFactory.java:594)
	at org.springframework.beans.factory.support.AbstractAutowireCapableBeanFactory.createBean(AbstractAutowireCapableBeanFactory.java:516)
	at org.springframework.beans.factory.support.AbstractBeanFactory.lambda$doGetBean$0(AbstractBeanFactory.java:324)
	at org.springframework.beans.factory.support.DefaultSingletonBeanRegistry.getSingleton(DefaultSingletonBeanRegistry.java:234)
	at org.springframework.beans.factory.support.AbstractBeanFactory.doGetBean(AbstractBeanFactory.java:322)
	at org.springframework.beans.factory.support.AbstractBeanFactory.getBean(AbstractBeanFactory.java:202)
	at org.springframework.beans.factory.support.AbstractBeanFactory.doGetBean(AbstractBeanFactory.java:311)
	at org.springframework.beans.factory.support.AbstractBeanFactory.getBean(AbstractBeanFactory.java:202)
	at org.springframework.context.support.AbstractApplicationContext.getBean(AbstractApplicationContext.java:1109)
	at org.springframework.context.support.AbstractApplicationContext.finishBeanFactoryInitialization(AbstractApplicationContext.java:869)
	at org.springframework.context.support.AbstractApplicationContext.refresh(AbstractApplicationContext.java:551)
	at org.springframework.boot.web.servlet.context.ServletWebServerApplicationContext.refresh(ServletWebServerApplicationContext.java:143)
	at org.springframework.boot.SpringApplication.refresh(SpringApplication.java:755)
	at org.springframework.boot.SpringApplication.refresh(SpringApplication.java:747)
	at org.springframework.boot.SpringApplication.refreshContext(SpringApplication.java:402)
	at org.springframework.boot.SpringApplication.run(SpringApplication.java:312)
	at org.springframework.boot.SpringApplication.run(SpringApplication.java:1247)
	at org.springframework.boot.SpringApplication.run(SpringApplication.java:1236)
	at org.javaproteam27.socialnetwork.SocialNetworkApplication.main(SocialNetworkApplication.java:10)
2022-08-26 17:50:12 [main] WARN  o.s.b.w.s.c.AnnotationConfigServletWebServerApplicationContext - Exception encountered during context initialization - cancelling refresh attempt: org.springframework.beans.factory.BeanCreationException: Error creating bean with name 'liquibase' defined in class path resource [org/springframework/boot/autoconfigure/liquibase/LiquibaseAutoConfiguration$LiquibaseConfiguration.class]: Invocation of init method failed; nested exception is liquibase.exception.DatabaseException: org.postgresql.util.PSQLException: FATAL: role "anton" does not exist
2022-08-26 17:50:12 [main] INFO  o.a.catalina.core.StandardService - Stopping service [Tomcat]
2022-08-26 17:50:12 [main] INFO  o.s.b.a.l.ConditionEvaluationReportLoggingListener - 

Error starting ApplicationContext. To display the conditions report re-run your application with 'debug' enabled.
2022-08-26 17:50:12 [main] ERROR o.s.boot.SpringApplication - Application run failed
org.springframework.beans.factory.BeanCreationException: Error creating bean with name 'liquibase' defined in class path resource [org/springframework/boot/autoconfigure/liquibase/LiquibaseAutoConfiguration$LiquibaseConfiguration.class]: Invocation of init method failed; nested exception is liquibase.exception.DatabaseException: org.postgresql.util.PSQLException: FATAL: role "anton" does not exist
	at org.springframework.beans.factory.support.AbstractAutowireCapableBeanFactory.initializeBean(AbstractAutowireCapableBeanFactory.java:1799)
	at org.springframework.beans.factory.support.AbstractAutowireCapableBeanFactory.doCreateBean(AbstractAutowireCapableBeanFactory.java:594)
	at org.springframework.beans.factory.support.AbstractAutowireCapableBeanFactory.createBean(AbstractAutowireCapableBeanFactory.java:516)
	at org.springframework.beans.factory.support.AbstractBeanFactory.lambda$doGetBean$0(AbstractBeanFactory.java:324)
	at org.springframework.beans.factory.support.DefaultSingletonBeanRegistry.getSingleton(DefaultSingletonBeanRegistry.java:234)
	at org.springframework.beans.factory.support.AbstractBeanFactory.doGetBean(AbstractBeanFactory.java:322)
	at org.springframework.beans.factory.support.AbstractBeanFactory.getBean(AbstractBeanFactory.java:202)
	at org.springframework.beans.factory.support.AbstractBeanFactory.doGetBean(AbstractBeanFactory.java:311)
	at org.springframework.beans.factory.support.AbstractBeanFactory.getBean(AbstractBeanFactory.java:202)
	at org.springframework.context.support.AbstractApplicationContext.getBean(AbstractApplicationContext.java:1109)
	at org.springframework.context.support.AbstractApplicationContext.finishBeanFactoryInitialization(AbstractApplicationContext.java:869)
	at org.springframework.context.support.AbstractApplicationContext.refresh(AbstractApplicationContext.java:551)
	at org.springframework.boot.web.servlet.context.ServletWebServerApplicationContext.refresh(ServletWebServerApplicationContext.java:143)
	at org.springframework.boot.SpringApplication.refresh(SpringApplication.java:755)
	at org.springframework.boot.SpringApplication.refresh(SpringApplication.java:747)
	at org.springframework.boot.SpringApplication.refreshContext(SpringApplication.java:402)
	at org.springframework.boot.SpringApplication.run(SpringApplication.java:312)
	at org.springframework.boot.SpringApplication.run(SpringApplication.java:1247)
	at org.springframework.boot.SpringApplication.run(SpringApplication.java:1236)
	at org.javaproteam27.socialnetwork.SocialNetworkApplication.main(SocialNetworkApplication.java:10)
Caused by: liquibase.exception.DatabaseException: org.postgresql.util.PSQLException: FATAL: role "anton" does not exist
	at liquibase.integration.spring.SpringLiquibase.afterPropertiesSet(SpringLiquibase.java:316)
	at org.springframework.beans.factory.support.AbstractAutowireCapableBeanFactory.invokeInitMethods(AbstractAutowireCapableBeanFactory.java:1858)
	at org.springframework.beans.factory.support.AbstractAutowireCapableBeanFactory.initializeBean(AbstractAutowireCapableBeanFactory.java:1795)
	... 19 common frames omitted
Caused by: org.postgresql.util.PSQLException: FATAL: role "anton" does not exist
	at org.postgresql.core.v3.QueryExecutorImpl.receiveErrorResponse(QueryExecutorImpl.java:2553)
	at org.postgresql.core.v3.QueryExecutorImpl.readStartupMessages(QueryExecutorImpl.java:2665)
	at org.postgresql.core.v3.QueryExecutorImpl.<init>(QueryExecutorImpl.java:147)
	at org.postgresql.core.v3.ConnectionFactoryImpl.openConnectionImpl(ConnectionFactoryImpl.java:273)
	at org.postgresql.core.ConnectionFactory.openConnection(ConnectionFactory.java:51)
	at org.postgresql.jdbc.PgConnection.<init>(PgConnection.java:223)
	at org.postgresql.Driver.makeConnection(Driver.java:465)
	at org.postgresql.Driver.connect(Driver.java:264)
	at com.zaxxer.hikari.util.DriverDataSource.getConnection(DriverDataSource.java:138)
	at com.zaxxer.hikari.pool.PoolBase.newConnection(PoolBase.java:358)
	at com.zaxxer.hikari.pool.PoolBase.newPoolEntry(PoolBase.java:206)
	at com.zaxxer.hikari.pool.HikariPool.createPoolEntry(HikariPool.java:477)
	at com.zaxxer.hikari.pool.HikariPool.checkFailFast(HikariPool.java:560)
	at com.zaxxer.hikari.pool.HikariPool.<init>(HikariPool.java:115)
	at com.zaxxer.hikari.HikariDataSource.getConnection(HikariDataSource.java:112)
	at liquibase.integration.spring.SpringLiquibase.afterPropertiesSet(SpringLiquibase.java:311)
	... 21 common frames omitted
2022-08-26 17:52:43 [main] INFO  o.j.s.SocialNetworkApplication - Starting SocialNetworkApplication on macbook-air-karina.home with PID 13347 (/Users/vareldzhyankarina/FinalProject/javapro_teams27_backend/target/classes started by vareldzhyankarina in /Users/vareldzhyankarina/FinalProject/javapro_teams27_backend)
2022-08-26 17:52:43 [main] INFO  o.j.s.SocialNetworkApplication - The following profiles are active: karina
2022-08-26 17:52:43 [main] INFO  o.s.d.r.c.RepositoryConfigurationDelegate - Multiple Spring Data modules found, entering strict repository configuration mode!
2022-08-26 17:52:43 [main] INFO  o.s.d.r.c.RepositoryConfigurationDelegate - Bootstrapping Spring Data JDBC repositories in DEFAULT mode.
2022-08-26 17:52:43 [main] INFO  o.s.d.r.c.RepositoryConfigurationDelegate - Finished Spring Data repository scanning in 8ms. Found 0 JDBC repository interfaces.
2022-08-26 17:52:43 [main] INFO  o.s.d.r.c.RepositoryConfigurationDelegate - Multiple Spring Data modules found, entering strict repository configuration mode!
2022-08-26 17:52:43 [main] INFO  o.s.d.r.c.RepositoryConfigurationDelegate - Bootstrapping Spring Data JPA repositories in DEFAULT mode.
2022-08-26 17:52:43 [main] INFO  o.s.d.r.c.RepositoryConfigurationDelegate - Finished Spring Data repository scanning in 2ms. Found 0 JPA repository interfaces.
2022-08-26 17:52:44 [main] INFO  o.s.b.w.e.tomcat.TomcatWebServer - Tomcat initialized with port(s): 8080 (http)
2022-08-26 17:52:44 [main] INFO  o.a.coyote.http11.Http11NioProtocol - Initializing ProtocolHandler ["http-nio-8080"]
2022-08-26 17:52:44 [main] INFO  o.a.catalina.core.StandardService - Starting service [Tomcat]
2022-08-26 17:52:44 [main] INFO  o.a.catalina.core.StandardEngine - Starting Servlet engine: [Apache Tomcat/9.0.46]
2022-08-26 17:52:44 [main] INFO  o.a.c.c.C.[Tomcat].[localhost].[/] - Initializing Spring embedded WebApplicationContext
2022-08-26 17:52:44 [main] INFO  o.s.b.w.s.c.ServletWebServerApplicationContext - Root WebApplicationContext: initialization completed in 441 ms
2022-08-26 17:52:44 [main] WARN  o.s.b.w.s.c.AnnotationConfigServletWebServerApplicationContext - Exception encountered during context initialization - cancelling refresh attempt: org.springframework.beans.factory.BeanCreationException: Error creating bean with name 'liquibase' defined in class path resource [org/springframework/boot/autoconfigure/liquibase/LiquibaseAutoConfiguration$LiquibaseConfiguration.class]: Bean instantiation via factory method failed; nested exception is org.springframework.beans.BeanInstantiationException: Failed to instantiate [liquibase.integration.spring.SpringLiquibase]: Factory method 'liquibase' threw exception; nested exception is org.springframework.beans.factory.BeanCreationException: Error creating bean with name 'dataSource' defined in class path resource [org/springframework/boot/autoconfigure/jdbc/DataSourceConfiguration$Hikari.class]: Bean instantiation via factory method failed; nested exception is org.springframework.beans.BeanInstantiationException: Failed to instantiate [com.zaxxer.hikari.HikariDataSource]: Factory method 'dataSource' threw exception; nested exception is org.springframework.boot.autoconfigure.jdbc.DataSourceProperties$DataSourceBeanCreationException: Failed to determine a suitable driver class
2022-08-26 17:52:44 [main] INFO  o.a.catalina.core.StandardService - Stopping service [Tomcat]
2022-08-26 17:52:44 [main] INFO  o.s.b.a.l.ConditionEvaluationReportLoggingListener - 

Error starting ApplicationContext. To display the conditions report re-run your application with 'debug' enabled.
2022-08-26 17:52:44 [main] ERROR o.s.b.d.LoggingFailureAnalysisReporter - 

***************************
APPLICATION FAILED TO START
***************************

Description:

Failed to configure a DataSource: 'url' attribute is not specified and no embedded datasource could be configured.

Reason: Failed to determine a suitable driver class


Action:

Consider the following:
	If you want an embedded database (H2, HSQL or Derby), please put it on the classpath.
	If you have database settings to be loaded from a particular profile you may need to activate it (the profiles karina are currently active).

2022-08-26 17:53:20 [main] INFO  o.j.s.SocialNetworkApplication - Starting SocialNetworkApplication on macbook-air-karina.home with PID 13389 (/Users/vareldzhyankarina/FinalProject/javapro_teams27_backend/target/classes started by vareldzhyankarina in /Users/vareldzhyankarina/FinalProject/javapro_teams27_backend)
2022-08-26 17:53:20 [main] INFO  o.j.s.SocialNetworkApplication - The following profiles are active: karina
2022-08-26 17:53:20 [main] INFO  o.s.d.r.c.RepositoryConfigurationDelegate - Multiple Spring Data modules found, entering strict repository configuration mode!
2022-08-26 17:53:20 [main] INFO  o.s.d.r.c.RepositoryConfigurationDelegate - Bootstrapping Spring Data JDBC repositories in DEFAULT mode.
2022-08-26 17:53:20 [main] INFO  o.s.d.r.c.RepositoryConfigurationDelegate - Finished Spring Data repository scanning in 7ms. Found 0 JDBC repository interfaces.
2022-08-26 17:53:20 [main] INFO  o.s.d.r.c.RepositoryConfigurationDelegate - Multiple Spring Data modules found, entering strict repository configuration mode!
2022-08-26 17:53:20 [main] INFO  o.s.d.r.c.RepositoryConfigurationDelegate - Bootstrapping Spring Data JPA repositories in DEFAULT mode.
2022-08-26 17:53:20 [main] INFO  o.s.d.r.c.RepositoryConfigurationDelegate - Finished Spring Data repository scanning in 2ms. Found 0 JPA repository interfaces.
2022-08-26 17:53:21 [main] INFO  o.s.b.w.e.tomcat.TomcatWebServer - Tomcat initialized with port(s): 8086 (http)
2022-08-26 17:53:21 [main] INFO  o.a.coyote.http11.Http11NioProtocol - Initializing ProtocolHandler ["http-nio-8086"]
2022-08-26 17:53:21 [main] INFO  o.a.catalina.core.StandardService - Starting service [Tomcat]
2022-08-26 17:53:21 [main] INFO  o.a.catalina.core.StandardEngine - Starting Servlet engine: [Apache Tomcat/9.0.46]
2022-08-26 17:53:21 [main] INFO  o.a.c.c.C.[Tomcat].[localhost].[/] - Initializing Spring embedded WebApplicationContext
2022-08-26 17:53:21 [main] INFO  o.s.b.w.s.c.ServletWebServerApplicationContext - Root WebApplicationContext: initialization completed in 472 ms
2022-08-26 17:53:21 [main] INFO  com.zaxxer.hikari.HikariDataSource - HikariPool-1 - Starting...
2022-08-26 17:53:21 [main] INFO  com.zaxxer.hikari.HikariDataSource - HikariPool-1 - Start completed.
2022-08-26 17:53:21 [main] INFO  liquibase.executor.jvm.JdbcExecutor - SELECT COUNT(*) FROM public.databasechangeloglock
2022-08-26 17:53:21 [main] INFO  liquibase.executor.jvm.JdbcExecutor - SELECT COUNT(*) FROM public.databasechangeloglock
2022-08-26 17:53:21 [main] INFO  liquibase.executor.jvm.JdbcExecutor - SELECT LOCKED FROM public.databasechangeloglock WHERE ID=1
2022-08-26 17:53:21 [main] INFO  l.lockservice.StandardLockService - Successfully acquired change log lock
2022-08-26 17:53:21 [main] INFO  liquibase.executor.jvm.JdbcExecutor - SELECT MD5SUM FROM public.databasechangelog WHERE MD5SUM IS NOT NULL LIMIT 1
2022-08-26 17:53:21 [main] INFO  liquibase.executor.jvm.JdbcExecutor - SELECT COUNT(*) FROM public.databasechangelog
2022-08-26 17:53:21 [main] INFO  l.c.StandardChangeLogHistoryService - Reading from public.databasechangelog
2022-08-26 17:53:21 [main] INFO  liquibase.executor.jvm.JdbcExecutor - SELECT * FROM public.databasechangelog ORDER BY DATEEXECUTED ASC, ORDEREXECUTED ASC
2022-08-26 17:53:21 [main] INFO  l.lockservice.StandardLockService - Successfully released change log lock
2022-08-26 17:53:21 [main] INFO  o.h.jpa.internal.util.LogHelper - HHH000204: Processing PersistenceUnitInfo [name: default]
2022-08-26 17:53:21 [main] INFO  org.hibernate.Version - HHH000412: Hibernate ORM core version 5.4.32.Final
2022-08-26 17:53:21 [main] INFO  o.h.annotations.common.Version - HCANN000001: Hibernate Commons Annotations {5.1.2.Final}
2022-08-26 17:53:21 [main] INFO  org.hibernate.dialect.Dialect - HHH000400: Using dialect: org.hibernate.dialect.PostgreSQL10Dialect
2022-08-26 17:53:21 [main] INFO  o.h.e.t.j.p.i.JtaPlatformInitiator - HHH000490: Using JtaPlatform implementation: [org.hibernate.engine.transaction.jta.platform.internal.NoJtaPlatform]
2022-08-26 17:53:21 [main] INFO  o.s.o.j.LocalContainerEntityManagerFactoryBean - Initialized JPA EntityManagerFactory for persistence unit 'default'
2022-08-26 17:53:21 [main] WARN  o.s.b.a.o.j.JpaBaseConfiguration$JpaWebConfiguration - spring.jpa.open-in-view is enabled by default. Therefore, database queries may be performed during view rendering. Explicitly configure spring.jpa.open-in-view to disable this warning
2022-08-26 17:53:22 [main] INFO  o.s.s.c.ThreadPoolTaskExecutor - Initializing ExecutorService 'applicationTaskExecutor'
2022-08-26 17:53:22 [main] INFO  o.s.b.a.w.s.WelcomePageHandlerMapping - Adding welcome page: class path resource [static/index.html]
2022-08-26 17:53:22 [main] INFO  o.s.s.web.DefaultSecurityFilterChain - Creating filter chain: any request, [org.springframework.security.web.context.request.async.WebAsyncManagerIntegrationFilter@200ef05b, org.springframework.security.web.context.SecurityContextPersistenceFilter@6b8de9dc, org.springframework.security.web.header.HeaderWriterFilter@4191774f, org.springframework.web.filter.CorsFilter@298154d4, org.springframework.security.web.authentication.logout.LogoutFilter@4cde5d66, org.javaproteam27.socialnetwork.security.jwt.JwtTokenFilter@5f7eee96, org.springframework.security.web.savedrequest.RequestCacheAwareFilter@453ff774, org.springframework.security.web.servletapi.SecurityContextHolderAwareRequestFilter@17f43f4a, org.springframework.security.web.authentication.AnonymousAuthenticationFilter@474aeac5, org.springframework.security.web.session.SessionManagementFilter@2d58136, org.springframework.security.web.access.ExceptionTranslationFilter@7f3616d2, org.springframework.security.web.access.intercept.FilterSecurityInterceptor@4c666872]
2022-08-26 17:53:22 [main] INFO  o.a.coyote.http11.Http11NioProtocol - Starting ProtocolHandler ["http-nio-8086"]
2022-08-26 17:53:22 [main] INFO  o.s.b.w.e.tomcat.TomcatWebServer - Tomcat started on port(s): 8086 (http) with context path ''
2022-08-26 17:53:22 [main] INFO  o.j.s.SocialNetworkApplication - Started SocialNetworkApplication in 1.747 seconds (JVM running for 2.024)
2022-08-26 18:19:51 [SpringContextShutdownHook] INFO  o.s.s.c.ThreadPoolTaskExecutor - Shutting down ExecutorService 'applicationTaskExecutor'
2022-08-26 18:19:51 [SpringContextShutdownHook] INFO  o.s.o.j.LocalContainerEntityManagerFactoryBean - Closing JPA EntityManagerFactory for persistence unit 'default'
2022-08-26 18:19:51 [SpringContextShutdownHook] INFO  com.zaxxer.hikari.HikariDataSource - HikariPool-1 - Shutdown initiated...
2022-08-26 18:19:51 [SpringContextShutdownHook] INFO  com.zaxxer.hikari.HikariDataSource - HikariPool-1 - Shutdown completed.
